CASE 35
Command : cppcheck --enable=performance --std=c89 --platform=win64 HPC-Compiler-Fuzzers
Return  : 0
--- STDOUT ---
Checking HPC-Compiler-Fuzzers/AdaptiveCppFuzzers/fuzz_filesystem/target_a/fuzzer.cpp ...
1/543 files checked 0% done
Checking HPC-Compiler-Fuzzers/AdaptiveCppFuzzers/fuzz_filesystem/target_b/fuzzer.cpp ...
2/543 files checked 0% done
Checking HPC-Compiler-Fuzzers/AdaptiveCppFuzzers/fuzz_filesystem/target_c/fuzzer.cpp ...
3/543 files checked 0% done
Checking HPC-Compiler-Fuzzers/AdaptiveCppFuzzers/fuzz_filesystem/target_d/fuzzer.cpp ...
4/543 files checked 0% done
Checking HPC-Compiler-Fuzzers/AdaptiveCppFuzzers/fuzz_introspect_struct_pass/target_a/fuzzer.cpp ...
5/543 files checked 0% done
Checking HPC-Compiler-Fuzzers/AdaptiveCppFuzzers/fuzz_introspect_struct_pass/target_b/fuzzer.cpp ...
6/543 files checked 0% done
Checking HPC-Compiler-Fuzzers/AdaptiveCppFuzzers/fuzz_kernel_outlining_pass/target_a/fuzzer.cpp ...
7/543 files checked 0% done
Checking HPC-Compiler-Fuzzers/AdaptiveCppFuzzers/fuzz_llvm_to_spirv/target_a/fuzzer.cpp ...
8/543 files checked 0% done
Checking HPC-Compiler-Fuzzers/AdaptiveCppFuzzers/fuzz_sycl_dgemm/target_a/fuzzer.cpp ...
9/543 files checked 0% done
Checking HPC-Compiler-Fuzzers/AdaptiveCppFuzzers/fuzz_sync_elision/target_a/allAreSucceedingInBB.cpp ...
10/543 files checked 0% done
Checking HPC-Compiler-Fuzzers/AdaptiveCppFuzzers/fuzz_sync_elision/target_a/fuzzer_a.cpp ...
11/543 files checked 0% done
Checking HPC-Compiler-Fuzzers/AdaptiveCppFuzzers/fuzz_sync_elision/target_b/fuzzer_a.cpp ...
12/543 files checked 0% done
Checking HPC-Compiler-Fuzzers/AdaptiveCppFuzzers/fuzz_sync_elision/target_b/fuzzer_b.cpp ...
13/543 files checked 0% done
Checking HPC-Compiler-Fuzzers/AdaptiveCppFuzzers/fuzz_sync_elision/target_b/identifyStoresPotentiallyForStdparArgHandling.cpp ...
14/543 files checked 1% done
Checking HPC-Compiler-Fuzzers/AdaptiveCppFuzzers/fuzz_target_separation_pass/target_a/fuzzer.cpp ...
15/543 files checked 1% done
Checking HPC-Compiler-Fuzzers/AdaptiveCppFuzzers/fuzz_target_separation_pass/target_b/fuzzer.cpp ...
16/543 files checked 1% done
Checking HPC-Compiler-Fuzzers/AdaptiveCppFuzzers/fuzz_vectorization_info/LLVMTest.cpp ...
17/543 files checked 1% done
Checking HPC-Compiler-Fuzzers/AdaptiveCppFuzzers/fuzz_vectorization_info/fuzzer_A.cpp ...
18/543 files checked 1% done
Checking HPC-Compiler-Fuzzers/AdaptiveCppFuzzers/fuzz_vectorization_info/target_a/fuzzer.cpp ...
19/543 files checked 1% done
Checking HPC-Compiler-Fuzzers/AdaptiveCppFuzzers/fuzz_vectorization_info/target_b/fuzzer.cpp ...
20/543 files checked 1% done
Checking HPC-Compiler-Fuzzers/AdaptiveCppFuzzers/fuzzer_llvm_to_amd_gpu/getRocmClang/fuzzer.cpp ...
Checking HPC-Compiler-Fuzzers/AdaptiveCppFuzzers/fuzzer_llvm_to_amd_gpu/getRocmClang/fuzzer.cpp: ACPP_HIPCC_PATH...
21/543 files checked 1% done
Checking HPC-Compiler-Fuzzers/AdaptiveCppFuzzers/fuzzer_simplify_kernel/SimplifyKernel.cpp ...
22/543 files checked 1% done
Checking HPC-Compiler-Fuzzers/AdaptiveCppFuzzers/fuzzer_simplify_kernel/fuzzer.cpp ...
23/543 files checked 1% done
Checking HPC-Compiler-Fuzzers/ArgobotsFuzzers/fuzz_cond/target_a/fuzzer.cpp ...
24/543 files checked 1% done
Checking HPC-Compiler-Fuzzers/ArgobotsFuzzers/fuzz_stream/target_a/fuzzer.cpp ...
25/543 files checked 1% done
Checking HPC-Compiler-Fuzzers/ArgobotsFuzzers/fuzz_stream/target_b/fuzzer.cpp ...
Checking HPC-Compiler-Fuzzers/ArgobotsFuzzers/fuzz_stream/target_b/fuzzer.cpp: ABT_CONFIG_DISABLE_ERROR_CHECK...
26/543 files checked 2% done
Checking HPC-Compiler-Fuzzers/ArgobotsFuzzers/fuzz_stream/target_c/fuzzer.cpp ...
27/543 files checked 2% done
Checking HPC-Compiler-Fuzzers/CaliperFuzzers/fuzz_config_manager/target_a/fuzzer.cpp ...
28/543 files checked 2% done
Checking HPC-Compiler-Fuzzers/CaliperFuzzers/fuzz_config_manager/target_b/fuzzer.cpp ...
29/543 files checked 2% done
Checking HPC-Compiler-Fuzzers/CaliperFuzzers/fuzz_gotcha_elf_ops/target_a/fuzzer_a.cpp ...
30/543 files checked 2% done
Checking HPC-Compiler-Fuzzers/CaliperFuzzers/fuzz_gotcha_elf_ops/target_a/fuzzer_b.cpp ...
31/543 files checked 2% done
Checking HPC-Compiler-Fuzzers/CaliperFuzzers/fuzz_gotcha_elf_ops/target_a/fuzzer_c.cpp ...
32/543 files checked 2% done
Checking HPC-Compiler-Fuzzers/CaliperFuzzers/fuzz_gotcha_libc_wrapper/target_a/fuzzer.cpp ...
33/543 files checked 2% done
Checking HPC-Compiler-Fuzzers/build/CMakeFiles/3.30.5/CompilerIdC/CMakeCCompilerId.c ...
Checking HPC-Compiler-Fuzzers/build/CMakeFiles/3.30.5/CompilerIdC/CMakeCCompilerId.c: INT_178B;__INTEGRITY...
Checking HPC-Compiler-Fuzzers/build/CMakeFiles/3.30.5/CompilerIdC/CMakeCCompilerId.c: MPRAS;_MPRAS...
Checking HPC-Compiler-Fuzzers/build/CMakeFiles/3.30.5/CompilerIdC/CMakeCCompilerId.c: SCO_SV;_SCO_SV;sco_sv...
Checking HPC-Compiler-Fuzzers/build/CMakeFiles/3.30.5/CompilerIdC/CMakeCCompilerId.c: SDCC;__SDCC_VERSION_MAJOR...
Checking HPC-Compiler-Fuzzers/build/CMakeFiles/3.30.5/CompilerIdC/CMakeCCompilerId.c: SDCC;__SDCC_VERSION_MAJOR;__SDCC_VERSION_MAJOR...
Checking HPC-Compiler-Fuzzers/build/CMakeFiles/3.30.5/CompilerIdC/CMakeCCompilerId.c: SIMULATE_VERSION_TWEAK...
Checking HPC-Compiler-Fuzzers/build/CMakeFiles/3.30.5/CompilerIdC/CMakeCCompilerId.c: WIN32;_WIN32;__WIN32__...
Checking HPC-Compiler-Fuzzers/build/CMakeFiles/3.30.5/CompilerIdC/CMakeCCompilerId.c: XENIX;_XENIX;__XENIX__...
Checking HPC-Compiler-Fuzzers/build/CMakeFiles/3.30.5/CompilerIdC/CMakeCCompilerId.c: _ADI_COMPILER...
Checking HPC-Compiler-Fuzzers/build/CMakeFiles/3.30.5/CompilerIdC/CMakeCCompilerId.c: _ADI_COMPILER;__VERSIONNUM__...
Checking HPC-Compiler-Fuzzers/build/CMakeFiles/3.30.5/CompilerIdC/CMakeCCompilerId.c: _AIX;__AIX;__AIX__;__aix;__aix__...
34/543 files checked 2% done
Checking HPC-Compiler-Fuzzers/build/CMakeFiles/3.30.5/CompilerIdCXX/CMakeCXXCompilerId.cpp ...
Checking HPC-Compiler-Fuzzers/build/CMakeFiles/3.30.5/CompilerIdCXX/CMakeCXXCompilerId.cpp: INT_178B;__INTEGRITY...
Checking HPC-Compiler-Fuzzers/build/CMakeFiles/3.30.5/CompilerIdCXX/CMakeCXXCompilerId.cpp: MPRAS;_MPRAS...
Checking HPC-Compiler-Fuzzers/build/CMakeFiles/3.30.5/CompilerIdCXX/CMakeCXXCompilerId.cpp: SCO_SV;_SCO_SV;sco_sv...
Checking HPC-Compiler-Fuzzers/build/CMakeFiles/3.30.5/CompilerIdCXX/CMakeCXXCompilerId.cpp: SIMULATE_VERSION_TWEAK...
Checking HPC-Compiler-Fuzzers/build/CMakeFiles/3.30.5/CompilerIdCXX/CMakeCXXCompilerId.cpp: WIN32;_WIN32;__WIN32__...
Checking HPC-Compiler-Fuzzers/build/CMakeFiles/3.30.5/CompilerIdCXX/CMakeCXXCompilerId.cpp: XENIX;_XENIX;__XENIX__...
Checking HPC-Compiler-Fuzzers/build/CMakeFiles/3.30.5/CompilerIdCXX/CMakeCXXCompilerId.cpp: _ADI_COMPILER...
Checking HPC-Compiler-Fuzzers/build/CMakeFiles/3.30.5/CompilerIdCXX/CMakeCXXCompilerId.cpp: _ADI_COMPILER;__VERSIONNUM__...
Checking HPC-Compiler-Fuzzers/build/CMakeFiles/3.30.5/CompilerIdCXX/CMakeCXXCompilerId.cpp: _AIX;__AIX;__AIX__;__aix;__aix__...
Checking HPC-Compiler-Fuzzers/build/CMakeFiles/3.30.5/CompilerIdCXX/CMakeCXXCompilerId.cpp: _BEOS;__BEOS__;__BeOS...
Checking HPC-Compiler-Fuzzers/build/CMakeFiles/3.30.5/CompilerIdCXX/CMakeCXXCompilerId.cpp: _CRAYC...
35/543 files checked 3% done
Checking HPC-Compiler-Fuzzers/build/_deps/adaptivecpp-src/examples/bruteforce_nbody/bruteforce_nbody.cpp ...
36/543 files checked 4% done
Checking HPC-Compiler-Fuzzers/build/_deps/adaptivecpp-src/src/common/appdb.cpp ...
37/543 files checked 4% done
Checking HPC-Compiler-Fuzzers/build/_deps/adaptivecpp-src/src/common/filesystem.cpp ...
Checking HPC-Compiler-Fuzzers/build/_deps/adaptivecpp-src/src/common/filesystem.cpp: _WIN32...
38/543 files checked 4% done
Checking HPC-Compiler-Fuzzers/build/_deps/adaptivecpp-src/src/compiler/AdaptiveCppClangPlugin.cpp ...
Checking HPC-Compiler-Fuzzers/build/_deps/adaptivecpp-src/src/compiler/AdaptiveCppClangPlugin.cpp: HIPSYCL_WITH_ACCELERATED_CPU...
Checking HPC-Compiler-Fuzzers/build/_deps/adaptivecpp-src/src/compiler/AdaptiveCppClangPlugin.cpp: HIPSYCL_WITH_ACCELERATED_CPU;_WIN32...
Checking HPC-Compiler-Fuzzers/build/_deps/adaptivecpp-src/src/compiler/AdaptiveCppClangPlugin.cpp: HIPSYCL_WITH_REFLECTION_BUILTINS...
Checking HPC-Compiler-Fuzzers/build/_deps/adaptivecpp-src/src/compiler/AdaptiveCppClangPlugin.cpp: HIPSYCL_WITH_REFLECTION_BUILTINS;_WIN32...
Checking HPC-Compiler-Fuzzers/build/_deps/adaptivecpp-src/src/compiler/AdaptiveCppClangPlugin.cpp: HIPSYCL_WITH_SSCP_COMPILER...
Checking HPC-Compiler-Fuzzers/build/_deps/adaptivecpp-src/src/compiler/AdaptiveCppClangPlugin.cpp: HIPSYCL_WITH_SSCP_COMPILER;_WIN32...
Checking HPC-Compiler-Fuzzers/build/_deps/adaptivecpp-src/src/compiler/AdaptiveCppClangPlugin.cpp: HIPSYCL_WITH_STDPAR_COMPILER...
Checking HPC-Compiler-Fuzzers/build/_deps/adaptivecpp-src/src/compiler/AdaptiveCppClangPlugin.cpp: HIPSYCL_WITH_STDPAR_COMPILER;_WIN32...
Checking HPC-Compiler-Fuzzers/build/_deps/adaptivecpp-src/src/compiler/AdaptiveCppClangPlugin.cpp: _WIN32...
39/543 files checked 4% done
Checking HPC-Compiler-Fuzzers/build/_deps/adaptivecpp-src/src/compiler/GlobalsPruningPass.cpp ...
Checking HPC-Compiler-Fuzzers/build/_deps/adaptivecpp-src/src/compiler/GlobalsPruningPass.cpp: _WIN32...
40/543 files checked 4% done
Checking HPC-Compiler-Fuzzers/build/_deps/adaptivecpp-src/src/compiler/cbs/AllocaSSA.cpp ...
41/543 files checked 4% done
Checking HPC-Compiler-Fuzzers/build/_deps/adaptivecpp-src/src/compiler/cbs/CanonicalizeBarriers.cpp ...
42/543 files checked 5% done
Checking HPC-Compiler-Fuzzers/build/_deps/adaptivecpp-src/src/compiler/cbs/IRUtils.cpp ...
43/543 files checked 5% done
Checking HPC-Compiler-Fuzzers/build/_deps/adaptivecpp-src/src/compiler/cbs/KernelFlattening.cpp ...
44/543 files checked 5% done
Checking HPC-Compiler-Fuzzers/build/_deps/adaptivecpp-src/src/compiler/cbs/LoopSimplify.cpp ...
45/543 files checked 5% done
Checking HPC-Compiler-Fuzzers/build/_deps/adaptivecpp-src/src/compiler/cbs/LoopSplitterInlining.cpp ...
46/543 files checked 6% done
Checking HPC-Compiler-Fuzzers/build/_deps/adaptivecpp-src/src/compiler/cbs/LoopsParallelMarker.cpp ...
47/543 files checked 6% done
Checking HPC-Compiler-Fuzzers/build/_deps/adaptivecpp-src/src/compiler/cbs/PHIsToAllocas.cpp ...
48/543 files checked 6% done
Checking HPC-Compiler-Fuzzers/build/_deps/adaptivecpp-src/src/compiler/cbs/PipelineBuilder.cpp ...
Checking HPC-Compiler-Fuzzers/build/_deps/adaptivecpp-src/src/compiler/cbs/PipelineBuilder.cpp: HIPSYCL_NO_PHIS_IN_SPLIT...
Checking HPC-Compiler-Fuzzers/build/_deps/adaptivecpp-src/src/compiler/cbs/PipelineBuilder.cpp: ROCM_CLANG_VERSION_MAJOR...
49/543 files checked 6% done
Checking HPC-Compiler-Fuzzers/build/_deps/adaptivecpp-src/src/compiler/cbs/Region.cpp ...
50/543 files checked 6% done
Checking HPC-Compiler-Fuzzers/build/_deps/adaptivecpp-src/src/compiler/cbs/RemoveBarrierCalls.cpp ...
51/543 files checked 6% done
Checking HPC-Compiler-Fuzzers/build/_deps/adaptivecpp-src/src/compiler/cbs/SimplifyKernel.cpp ...
52/543 files checked 6% done
Checking HPC-Compiler-Fuzzers/build/_deps/adaptivecpp-src/src/compiler/cbs/SplitterAnnotationAnalysis.cpp ...
53/543 files checked 6% done
Checking HPC-Compiler-Fuzzers/build/_deps/adaptivecpp-src/src/compiler/cbs/SubCfgFormation.cpp ...
Checking HPC-Compiler-Fuzzers/build/_deps/adaptivecpp-src/src/compiler/cbs/SubCfgFormation.cpp: HAS_TYPED_PTR...
Checking HPC-Compiler-Fuzzers/build/_deps/adaptivecpp-src/src/compiler/cbs/SubCfgFormation.cpp: HIPSYCL_NO_PHIS_IN_SPLIT...
54/543 files checked 8% done
Checking HPC-Compiler-Fuzzers/build/_deps/adaptivecpp-src/src/compiler/cbs/SyncDependenceAnalysis.cpp ...
55/543 files checked 9% done
Checking HPC-Compiler-Fuzzers/build/_deps/adaptivecpp-src/src/compiler/cbs/UniformityAnalysis.cpp ...
56/543 files checked 9% done
Checking HPC-Compiler-Fuzzers/build/_deps/adaptivecpp-src/src/compiler/cbs/VectorShape.cpp ...
57/543 files checked 9% done
Checking HPC-Compiler-Fuzzers/build/_deps/adaptivecpp-src/src/compiler/cbs/VectorShapeTransformer.cpp ...
Checking HPC-Compiler-Fuzzers/build/_deps/adaptivecpp-src/src/compiler/cbs/VectorShapeTransformer.cpp: HAS_TYPED_PTR...
58/543 files checked 10% done
Checking HPC-Compiler-Fuzzers/build/_deps/adaptivecpp-src/src/compiler/cbs/VectorizationInfo.cpp ...
59/543 files checked 10% done
Checking HPC-Compiler-Fuzzers/build/_deps/adaptivecpp-src/src/compiler/llvm-to-backend/AddressSpaceInferencePass.cpp ...
60/543 files checked 10% done
Checking HPC-Compiler-Fuzzers/build/_deps/adaptivecpp-src/src/compiler/llvm-to-backend/DeadArgumentEliminationPass.cpp ...
61/543 files checked 11% done
Checking HPC-Compiler-Fuzzers/build/_deps/adaptivecpp-src/src/compiler/llvm-to-backend/GlobalInliningAttributorPass.cpp ...
62/543 files checked 11% done
Checking HPC-Compiler-Fuzzers/build/_deps/adaptivecpp-src/src/compiler/llvm-to-backend/GlobalSizesFitInI32OptPass.cpp ...
63/543 files checked 11% done
Checking HPC-Compiler-Fuzzers/build/_deps/adaptivecpp-src/src/compiler/llvm-to-backend/KnownGroupSizeOptPass.cpp ...
64/543 files checked 11% done
Checking HPC-Compiler-Fuzzers/build/_deps/adaptivecpp-src/src/compiler/llvm-to-backend/LLVMToBackend.cpp ...
65/543 files checked 12% done
Checking HPC-Compiler-Fuzzers/build/_deps/adaptivecpp-src/src/compiler/llvm-to-backend/amdgpu/LLVMToAmdgpu.cpp ...
Checking HPC-Compiler-Fuzzers/build/_deps/adaptivecpp-src/src/compiler/llvm-to-backend/amdgpu/LLVMToAmdgpu.cpp: ACPP_HIPCC_PATH...
Checking HPC-Compiler-Fuzzers/build/_deps/adaptivecpp-src/src/compiler/llvm-to-backend/amdgpu/LLVMToAmdgpu.cpp: ACPP_HIPRTC_LINK...
66/543 files checked 12% done
Checking HPC-Compiler-Fuzzers/build/_deps/adaptivecpp-src/src/compiler/llvm-to-backend/amdgpu/LLVMToAmdgpuTool.cpp ...
67/543 files checked 12% done
Checking HPC-Compiler-Fuzzers/build/_deps/adaptivecpp-src/src/compiler/llvm-to-backend/host/HostKernelWrapperPass.cpp ...
Checking HPC-Compiler-Fuzzers/build/_deps/adaptivecpp-src/src/compiler/llvm-to-backend/host/HostKernelWrapperPass.cpp: HAS_TYPED_PTR...
68/543 files checked 12% done
Checking HPC-Compiler-Fuzzers/build/_deps/adaptivecpp-src/src/compiler/llvm-to-backend/host/LLVMToHost.cpp ...
69/543 files checked 13% done
Checking HPC-Compiler-Fuzzers/build/_deps/adaptivecpp-src/src/compiler/llvm-to-backend/host/LLVMToHostTool.cpp ...
70/543 files checked 13% done
Checking HPC-Compiler-Fuzzers/build/_deps/adaptivecpp-src/src/compiler/llvm-to-backend/ptx/LLVMToPtx.cpp ...
71/543 files checked 13% done
Checking HPC-Compiler-Fuzzers/build/_deps/adaptivecpp-src/src/compiler/llvm-to-backend/ptx/LLVMToPtxTool.cpp ...
72/543 files checked 13% done
Checking HPC-Compiler-Fuzzers/build/_deps/adaptivecpp-src/src/compiler/llvm-to-backend/spirv/LLVMToSpirv.cpp ...
73/543 files checked 13% done
Checking HPC-Compiler-Fuzzers/build/_deps/adaptivecpp-src/src/compiler/llvm-to-backend/spirv/LLVMToSpirvTool.cpp ...
74/543 files checked 13% done
Checking HPC-Compiler-Fuzzers/build/_deps/adaptivecpp-src/src/compiler/reflection/FunctionNameExtractionPass.cpp ...
75/543 files checked 14% done
Checking HPC-Compiler-Fuzzers/build/_deps/adaptivecpp-src/src/compiler/reflection/IntrospectStructPass.cpp ...
76/543 files checked 14% done
Checking HPC-Compiler-Fuzzers/build/_deps/adaptivecpp-src/src/compiler/sscp/AggregateArgumentExpansionPass.cpp ...
77/543 files checked 14% done
Checking HPC-Compiler-Fuzzers/build/_deps/adaptivecpp-src/src/compiler/sscp/DynamicFunctionSupport.cpp ...
78/543 files checked 14% done
Checking HPC-Compiler-Fuzzers/build/_deps/adaptivecpp-src/src/compiler/sscp/HostKernelNameExtractionPass.cpp ...
79/543 files checked 14% done
Checking HPC-Compiler-Fuzzers/build/_deps/adaptivecpp-src/src/compiler/sscp/IRConstantReplacer.cpp ...
80/543 files checked 14% done
Checking HPC-Compiler-Fuzzers/build/_deps/adaptivecpp-src/src/compiler/sscp/KernelOutliningPass.cpp ...
81/543 files checked 15% done
Checking HPC-Compiler-Fuzzers/build/_deps/adaptivecpp-src/src/compiler/sscp/StdAtomicRemapperPass.cpp ...
82/543 files checked 15% done
Checking HPC-Compiler-Fuzzers/build/_deps/adaptivecpp-src/src/compiler/sscp/StdBuiltinRemapperPass.cpp ...
83/543 files checked 16% done
Checking HPC-Compiler-Fuzzers/build/_deps/adaptivecpp-src/src/compiler/sscp/TargetSeparationPass.cpp ...
84/543 files checked 16% done
Checking HPC-Compiler-Fuzzers/build/_deps/adaptivecpp-src/src/compiler/stdpar/MallocToUSM.cpp ...
85/543 files checked 17% done
Checking HPC-Compiler-Fuzzers/build/_deps/adaptivecpp-src/src/compiler/stdpar/SyncElision.cpp ...
86/543 files checked 17% done
Checking HPC-Compiler-Fuzzers/build/_deps/adaptivecpp-src/src/libkernel/sscp/amdgpu/atomic.cpp ...
87/543 files checked 18% done
Checking HPC-Compiler-Fuzzers/build/_deps/adaptivecpp-src/src/libkernel/sscp/amdgpu/barrier.cpp ...
88/543 files checked 18% done
Checking HPC-Compiler-Fuzzers/build/_deps/adaptivecpp-src/src/libkernel/sscp/amdgpu/core.cpp ...
89/543 files checked 18% done
Checking HPC-Compiler-Fuzzers/build/_deps/adaptivecpp-src/src/libkernel/sscp/amdgpu/half.cpp ...
90/543 files checked 18% done
Checking HPC-Compiler-Fuzzers/build/_deps/adaptivecpp-src/src/libkernel/sscp/amdgpu/integer.cpp ...
91/543 files checked 18% done
Checking HPC-Compiler-Fuzzers/build/_deps/adaptivecpp-src/src/libkernel/sscp/amdgpu/localmem.cpp ...
92/543 files checked 18% done
Checking HPC-Compiler-Fuzzers/build/_deps/adaptivecpp-src/src/libkernel/sscp/amdgpu/math.cpp ...
93/543 files checked 18% done
Checking HPC-Compiler-Fuzzers/build/_deps/adaptivecpp-src/src/libkernel/sscp/amdgpu/native.cpp ...
94/543 files checked 18% done
Checking HPC-Compiler-Fuzzers/build/_deps/adaptivecpp-src/src/libkernel/sscp/amdgpu/print.cpp ...
95/543 files checked 18% done
Checking HPC-Compiler-Fuzzers/build/_deps/adaptivecpp-src/src/libkernel/sscp/amdgpu/relational.cpp ...
96/543 files checked 18% done
Checking HPC-Compiler-Fuzzers/build/_deps/adaptivecpp-src/src/libkernel/sscp/amdgpu/subgroup.cpp ...
97/543 files checked 18% done
Checking HPC-Compiler-Fuzzers/build/_deps/adaptivecpp-src/src/libkernel/sscp/host/atomic.cpp ...
98/543 files checked 19% done
Checking HPC-Compiler-Fuzzers/build/_deps/adaptivecpp-src/src/libkernel/sscp/host/barrier.cpp ...
99/543 files checked 19% done
Checking HPC-Compiler-Fuzzers/build/_deps/adaptivecpp-src/src/libkernel/sscp/host/core.cpp ...
100/543 files checked 19% done
Checking HPC-Compiler-Fuzzers/build/_deps/adaptivecpp-src/src/libkernel/sscp/host/half.cpp ...
101/543 files checked 19% done
Checking HPC-Compiler-Fuzzers/build/_deps/adaptivecpp-src/src/libkernel/sscp/host/integer.cpp ...
102/543 files checked 19% done
Checking HPC-Compiler-Fuzzers/build/_deps/adaptivecpp-src/src/libkernel/sscp/host/localmem.cpp ...
103/543 files checked 19% done
Checking HPC-Compiler-Fuzzers/build/_deps/adaptivecpp-src/src/libkernel/sscp/host/math.cpp ...
104/543 files checked 20% done
Checking HPC-Compiler-Fuzzers/build/_deps/adaptivecpp-src/src/libkernel/sscp/host/native.cpp ...
105/543 files checked 20% done
Checking HPC-Compiler-Fuzzers/build/_deps/adaptivecpp-src/src/libkernel/sscp/host/print.cpp ...
106/543 files checked 20% done
Checking HPC-Compiler-Fuzzers/build/_deps/adaptivecpp-src/src/libkernel/sscp/host/relational.cpp ...
107/543 files checked 20% done
Checking HPC-Compiler-Fuzzers/build/_deps/adaptivecpp-src/src/libkernel/sscp/host/subgroup.cpp ...
108/543 files checked 20% done
Checking HPC-Compiler-Fuzzers/build/_deps/adaptivecpp-src/src/libkernel/sscp/ptx/atomic.cpp ...
109/543 files checked 21% done
Checking HPC-Compiler-Fuzzers/build/_deps/adaptivecpp-src/src/libkernel/sscp/ptx/barrier.cpp ...
110/543 files checked 21% done
Checking HPC-Compiler-Fuzzers/build/_deps/adaptivecpp-src/src/libkernel/sscp/ptx/core.cpp ...
111/543 files checked 21% done
Checking HPC-Compiler-Fuzzers/build/_deps/adaptivecpp-src/src/libkernel/sscp/ptx/half.cpp ...
112/543 files checked 21% done
Checking HPC-Compiler-Fuzzers/build/_deps/adaptivecpp-src/src/libkernel/sscp/ptx/integer.cpp ...
113/543 files checked 21% done
Checking HPC-Compiler-Fuzzers/build/_deps/adaptivecpp-src/src/libkernel/sscp/ptx/localmem.cpp ...
114/543 files checked 22% done
Checking HPC-Compiler-Fuzzers/build/_deps/adaptivecpp-src/src/libkernel/sscp/ptx/math.cpp ...
115/543 files checked 22% done
Checking HPC-Compiler-Fuzzers/build/_deps/adaptivecpp-src/src/libkernel/sscp/ptx/native.cpp ...
116/543 files checked 22% done
Checking HPC-Compiler-Fuzzers/build/_deps/adaptivecpp-src/src/libkernel/sscp/ptx/print.cpp ...
117/543 files checked 22% done
Checking HPC-Compiler-Fuzzers/build/_deps/adaptivecpp-src/src/libkernel/sscp/ptx/relational.cpp ...
118/543 files checked 22% done
Checking HPC-Compiler-Fuzzers/build/_deps/adaptivecpp-src/src/libkernel/sscp/ptx/subgroup.cpp ...
119/543 files checked 22% done
Checking HPC-Compiler-Fuzzers/build/_deps/adaptivecpp-src/src/libkernel/sscp/spirv/atomic.cpp ...
120/543 files checked 23% done
Checking HPC-Compiler-Fuzzers/build/_deps/adaptivecpp-src/src/libkernel/sscp/spirv/barrier.cpp ...
121/543 files checked 23% done
Checking HPC-Compiler-Fuzzers/build/_deps/adaptivecpp-src/src/libkernel/sscp/spirv/core.cpp ...
122/543 files checked 23% done
Checking HPC-Compiler-Fuzzers/build/_deps/adaptivecpp-src/src/libkernel/sscp/spirv/half.cpp ...
123/543 files checked 23% done
Checking HPC-Compiler-Fuzzers/build/_deps/adaptivecpp-src/src/libkernel/sscp/spirv/integer.cpp ...
124/543 files checked 23% done
Checking HPC-Compiler-Fuzzers/build/_deps/adaptivecpp-src/src/libkernel/sscp/spirv/localmem.cpp ...
125/543 files checked 23% done
Checking HPC-Compiler-Fuzzers/build/_deps/adaptivecpp-src/src/libkernel/sscp/spirv/math.cpp ...
126/543 files checked 23% done
Checking HPC-Compiler-Fuzzers/build/_deps/adaptivecpp-src/src/libkernel/sscp/spirv/native.cpp ...
127/543 files checked 24% done
Checking HPC-Compiler-Fuzzers/build/_deps/adaptivecpp-src/src/libkernel/sscp/spirv/print.cpp ...
128/543 files checked 24% done
Checking HPC-Compiler-Fuzzers/build/_deps/adaptivecpp-src/src/libkernel/sscp/spirv/relational.cpp ...
129/543 files checked 24% done
Checking HPC-Compiler-Fuzzers/build/_deps/adaptivecpp-src/src/libkernel/sscp/spirv/subgroup.cpp ...
130/543 files checked 24% done
Checking HPC-Compiler-Fuzzers/build/_deps/adaptivecpp-src/src/runtime/adaptivity_engine.cpp ...
131/543 files checked 24% done
Checking HPC-Compiler-Fuzzers/build/_deps/adaptivecpp-src/src/runtime/application.cpp ...
132/543 files checked 24% done
Checking HPC-Compiler-Fuzzers/build/_deps/adaptivecpp-src/src/runtime/backend.cpp ...
133/543 files checked 24% done
Checking HPC-Compiler-Fuzzers/build/_deps/adaptivecpp-src/src/runtime/backend_loader.cpp ...
Checking HPC-Compiler-Fuzzers/build/_deps/adaptivecpp-src/src/runtime/backend_loader.cpp: _WIN32...
Checking HPC-Compiler-Fuzzers/build/_deps/adaptivecpp-src/src/runtime/backend_loader.cpp: __APPLE__...
134/543 files checked 24% done
Checking HPC-Compiler-Fuzzers/build/_deps/adaptivecpp-src/src/runtime/cuda/cuda_allocator.cpp ...
Checking HPC-Compiler-Fuzzers/build/_deps/adaptivecpp-src/src/runtime/cuda/cuda_allocator.cpp: _WIN32...
135/543 files checked 24% done
Checking HPC-Compiler-Fuzzers/build/_deps/adaptivecpp-src/src/runtime/cuda/cuda_backend.cpp ...
136/543 files checked 24% done
Checking HPC-Compiler-Fuzzers/build/_deps/adaptivecpp-src/src/runtime/cuda/cuda_code_object.cpp ...
137/543 files checked 25% done
Checking HPC-Compiler-Fuzzers/build/_deps/adaptivecpp-src/src/runtime/cuda/cuda_device_manager.cpp ...
138/543 files checked 25% done
Checking HPC-Compiler-Fuzzers/build/_deps/adaptivecpp-src/src/runtime/cuda/cuda_event.cpp ...
139/543 files checked 25% done
Checking HPC-Compiler-Fuzzers/build/_deps/adaptivecpp-src/src/runtime/cuda/cuda_event_pool.cpp ...
140/543 files checked 25% done
Checking HPC-Compiler-Fuzzers/build/_deps/adaptivecpp-src/src/runtime/cuda/cuda_hardware_manager.cpp ...
Checking HPC-Compiler-Fuzzers/build/_deps/adaptivecpp-src/src/runtime/cuda/cuda_hardware_manager.cpp: HIPSYCL_WITH_SSCP_COMPILER...
141/543 files checked 25% done
Checking HPC-Compiler-Fuzzers/build/_deps/adaptivecpp-src/src/runtime/cuda/cuda_instrumentation.cpp ...
142/543 files checked 25% done
Checking HPC-Compiler-Fuzzers/build/_deps/adaptivecpp-src/src/runtime/cuda/cuda_queue.cpp ...
Checking HPC-Compiler-Fuzzers/build/_deps/adaptivecpp-src/src/runtime/cuda/cuda_queue.cpp: HIPSYCL_WITH_SSCP_COMPILER...
Checking HPC-Compiler-Fuzzers/build/_deps/adaptivecpp-src/src/runtime/cuda/cuda_queue.cpp: _WIN32...
143/543 files checked 26% done
Checking HPC-Compiler-Fuzzers/build/_deps/adaptivecpp-src/src/runtime/dag.cpp ...
144/543 files checked 26% done
Checking HPC-Compiler-Fuzzers/build/_deps/adaptivecpp-src/src/runtime/dag_builder.cpp ...
145/543 files checked 26% done
Checking HPC-Compiler-Fuzzers/build/_deps/adaptivecpp-src/src/runtime/dag_direct_scheduler.cpp ...
146/543 files checked 27% done
Checking HPC-Compiler-Fuzzers/build/_deps/adaptivecpp-src/src/runtime/dag_manager.cpp ...
147/543 files checked 27% done
Checking HPC-Compiler-Fuzzers/build/_deps/adaptivecpp-src/src/runtime/dag_node.cpp ...
148/543 files checked 27% done
Checking HPC-Compiler-Fuzzers/build/_deps/adaptivecpp-src/src/runtime/dag_submitted_ops.cpp ...
149/543 files checked 27% done
Checking HPC-Compiler-Fuzzers/build/_deps/adaptivecpp-src/src/runtime/dag_unbound_scheduler.cpp ...
150/543 files checked 27% done
Checking HPC-Compiler-Fuzzers/build/_deps/adaptivecpp-src/src/runtime/data.cpp ...
151/543 files checked 27% done
Checking HPC-Compiler-Fuzzers/build/_deps/adaptivecpp-src/src/runtime/device_id.cpp ...
152/543 files checked 27% done
Checking HPC-Compiler-Fuzzers/build/_deps/adaptivecpp-src/src/runtime/dylib_loader.cpp ...
Checking HPC-Compiler-Fuzzers/build/_deps/adaptivecpp-src/src/runtime/dylib_loader.cpp: _WIN32...
153/543 files checked 28% done
Checking HPC-Compiler-Fuzzers/build/_deps/adaptivecpp-src/src/runtime/error.cpp ...
154/543 files checked 28% done
Checking HPC-Compiler-Fuzzers/build/_deps/adaptivecpp-src/src/runtime/generic/async_worker.cpp ...
155/543 files checked 28% done
Checking HPC-Compiler-Fuzzers/build/_deps/adaptivecpp-src/src/runtime/hip/hip_allocator.cpp ...
Checking HPC-Compiler-Fuzzers/build/_deps/adaptivecpp-src/src/runtime/hip/hip_allocator.cpp: HIPSYCL_RT_NO_HIP_MANAGED_MEMORY...
156/543 files checked 28% done
Checking HPC-Compiler-Fuzzers/build/_deps/adaptivecpp-src/src/runtime/hip/hip_backend.cpp ...
Checking HPC-Compiler-Fuzzers/build/_deps/adaptivecpp-src/src/runtime/hip/hip_backend.cpp: HIPSYCL_RT_HIP_TARGET_CUDA...
Checking HPC-Compiler-Fuzzers/build/_deps/adaptivecpp-src/src/runtime/hip/hip_backend.cpp: HIPSYCL_RT_HIP_TARGET_HIPCPU...
Checking HPC-Compiler-Fuzzers/build/_deps/adaptivecpp-src/src/runtime/hip/hip_backend.cpp: HIPSYCL_RT_HIP_TARGET_ROCM...
157/543 files checked 28% done
Checking HPC-Compiler-Fuzzers/build/_deps/adaptivecpp-src/src/runtime/hip/hip_code_object.cpp ...
158/543 files checked 28% done
Checking HPC-Compiler-Fuzzers/build/_deps/adaptivecpp-src/src/runtime/hip/hip_device_manager.cpp ...
159/543 files checked 28% done
Checking HPC-Compiler-Fuzzers/build/_deps/adaptivecpp-src/src/runtime/hip/hip_event.cpp ...
160/543 files checked 28% done
Checking HPC-Compiler-Fuzzers/build/_deps/adaptivecpp-src/src/runtime/hip/hip_event_pool.cpp ...
161/543 files checked 28% done
Checking HPC-Compiler-Fuzzers/build/_deps/adaptivecpp-src/src/runtime/hip/hip_hardware_manager.cpp ...
Checking HPC-Compiler-Fuzzers/build/_deps/adaptivecpp-src/src/runtime/hip/hip_hardware_manager.cpp: HIPSYCL_RT_HIP_TARGET_CUDA...
Checking HPC-Compiler-Fuzzers/build/_deps/adaptivecpp-src/src/runtime/hip/hip_hardware_manager.cpp: HIPSYCL_RT_HIP_TARGET_HIPCPU...
Checking HPC-Compiler-Fuzzers/build/_deps/adaptivecpp-src/src/runtime/hip/hip_hardware_manager.cpp: HIPSYCL_RT_HIP_TARGET_ROCM...
162/543 files checked 29% done
Checking HPC-Compiler-Fuzzers/build/_deps/adaptivecpp-src/src/runtime/hip/hip_instrumentation.cpp ...
163/543 files checked 29% done
Checking HPC-Compiler-Fuzzers/build/_deps/adaptivecpp-src/src/runtime/hip/hip_queue.cpp ...
Checking HPC-Compiler-Fuzzers/build/_deps/adaptivecpp-src/src/runtime/hip/hip_queue.cpp: HIPSYCL_RT_HIP_SUPPORTS_UNIFIED_MEMORY...
Checking HPC-Compiler-Fuzzers/build/_deps/adaptivecpp-src/src/runtime/hip/hip_queue.cpp: HIPSYCL_WITH_SSCP_COMPILER...
164/543 files checked 29% done
Checking HPC-Compiler-Fuzzers/build/_deps/adaptivecpp-src/src/runtime/hw_model/memcpy.cpp ...
165/543 files checked 29% done
Checking HPC-Compiler-Fuzzers/build/_deps/adaptivecpp-src/src/runtime/inorder_executor.cpp ...
166/543 files checked 30% done
Checking HPC-Compiler-Fuzzers/build/_deps/adaptivecpp-src/src/runtime/kernel_cache.cpp ...
167/543 files checked 30% done
Checking HPC-Compiler-Fuzzers/build/_deps/adaptivecpp-src/src/runtime/kernel_configuration.cpp ...
168/543 files checked 30% done
Checking HPC-Compiler-Fuzzers/build/_deps/adaptivecpp-src/src/runtime/multi_queue_executor.cpp ...
169/543 files checked 30% done
Checking HPC-Compiler-Fuzzers/build/_deps/adaptivecpp-src/src/runtime/ocl/ocl_allocator.cpp ...
170/543 files checked 31% done
Checking HPC-Compiler-Fuzzers/build/_deps/adaptivecpp-src/src/runtime/ocl/ocl_backend.cpp ...
171/543 files checked 31% done
Checking HPC-Compiler-Fuzzers/build/_deps/adaptivecpp-src/src/runtime/ocl/ocl_code_object.cpp ...
172/543 files checked 31% done
Checking HPC-Compiler-Fuzzers/build/_deps/adaptivecpp-src/src/runtime/ocl/ocl_event.cpp ...
173/543 files checked 31% done
Checking HPC-Compiler-Fuzzers/build/_deps/adaptivecpp-src/src/runtime/ocl/ocl_hardware_manager.cpp ...
Checking HPC-Compiler-Fuzzers/build/_deps/adaptivecpp-src/src/runtime/ocl/ocl_hardware_manager.cpp: HIPSYCL_WITH_SSCP_COMPILER...
174/543 files checked 32% done
Checking HPC-Compiler-Fuzzers/build/_deps/adaptivecpp-src/src/runtime/ocl/ocl_queue.cpp ...
Checking HPC-Compiler-Fuzzers/build/_deps/adaptivecpp-src/src/runtime/ocl/ocl_queue.cpp: HIPSYCL_WITH_SSCP_COMPILER...
175/543 files checked 32% done
Checking HPC-Compiler-Fuzzers/build/_deps/adaptivecpp-src/src/runtime/ocl/ocl_usm.cpp ...
176/543 files checked 33% done
Checking HPC-Compiler-Fuzzers/build/_deps/adaptivecpp-src/src/runtime/omp/omp_allocator.cpp ...
Checking HPC-Compiler-Fuzzers/build/_deps/adaptivecpp-src/src/runtime/omp/omp_allocator.cpp: _WIN32...
Checking HPC-Compiler-Fuzzers/build/_deps/adaptivecpp-src/src/runtime/omp/omp_allocator.cpp: __APPLE__...
177/543 files checked 33% done
Checking HPC-Compiler-Fuzzers/build/_deps/adaptivecpp-src/src/runtime/omp/omp_backend.cpp ...
178/543 files checked 33% done
Checking HPC-Compiler-Fuzzers/build/_deps/adaptivecpp-src/src/runtime/omp/omp_code_object.cpp ...
179/543 files checked 33% done
Checking HPC-Compiler-Fuzzers/build/_deps/adaptivecpp-src/src/runtime/omp/omp_event.cpp ...
180/543 files checked 33% done
Checking HPC-Compiler-Fuzzers/build/_deps/adaptivecpp-src/src/runtime/omp/omp_hardware_manager.cpp ...
Checking HPC-Compiler-Fuzzers/build/_deps/adaptivecpp-src/src/runtime/omp/omp_hardware_manager.cpp: HIPSYCL_WITH_SSCP_COMPILER...
Checking HPC-Compiler-Fuzzers/build/_deps/adaptivecpp-src/src/runtime/omp/omp_hardware_manager.cpp: LITTLE_ENDIAN;__LITTLE_ENDIAN__;__ORDER_LITTLE_ENDIAN__...
181/543 files checked 33% done
Checking HPC-Compiler-Fuzzers/build/_deps/adaptivecpp-src/src/runtime/omp/omp_queue.cpp ...
Checking HPC-Compiler-Fuzzers/build/_deps/adaptivecpp-src/src/runtime/omp/omp_queue.cpp: HIPSYCL_WITH_SSCP_COMPILER...
Checking HPC-Compiler-Fuzzers/build/_deps/adaptivecpp-src/src/runtime/omp/omp_queue.cpp: HIPSYCL_WITH_SSCP_COMPILER;WIN32...
Checking HPC-Compiler-Fuzzers/build/_deps/adaptivecpp-src/src/runtime/omp/omp_queue.cpp: HIPSYCL_WITH_SSCP_COMPILER;_OPENMP...
Checking HPC-Compiler-Fuzzers/build/_deps/adaptivecpp-src/src/runtime/omp/omp_queue.cpp: _OPENMP...
182/543 files checked 34% done
Checking HPC-Compiler-Fuzzers/build/_deps/adaptivecpp-src/src/runtime/operations.cpp ...
183/543 files checked 34% done
Checking HPC-Compiler-Fuzzers/build/_deps/adaptivecpp-src/src/runtime/runtime.cpp ...
184/543 files checked 34% done
Checking HPC-Compiler-Fuzzers/build/_deps/adaptivecpp-src/src/runtime/serialization/serialization.cpp ...
185/543 files checked 34% done
Checking HPC-Compiler-Fuzzers/build/_deps/adaptivecpp-src/src/runtime/settings.cpp ...
186/543 files checked 34% done
Checking HPC-Compiler-Fuzzers/build/_deps/adaptivecpp-src/src/runtime/ze/ze_allocator.cpp ...
187/543 files checked 34% done
Checking HPC-Compiler-Fuzzers/build/_deps/adaptivecpp-src/src/runtime/ze/ze_backend.cpp ...
188/543 files checked 35% done
Checking HPC-Compiler-Fuzzers/build/_deps/adaptivecpp-src/src/runtime/ze/ze_code_object.cpp ...
189/543 files checked 35% done
Checking HPC-Compiler-Fuzzers/build/_deps/adaptivecpp-src/src/runtime/ze/ze_event.cpp ...
190/543 files checked 35% done
Checking HPC-Compiler-Fuzzers/build/_deps/adaptivecpp-src/src/runtime/ze/ze_hardware_manager.cpp ...
Checking HPC-Compiler-Fuzzers/build/_deps/adaptivecpp-src/src/runtime/ze/ze_hardware_manager.cpp: HIPSYCL_WITH_SSCP_COMPILER...
191/543 files checked 35% done
Checking HPC-Compiler-Fuzzers/build/_deps/adaptivecpp-src/src/runtime/ze/ze_queue.cpp ...
Checking HPC-Compiler-Fuzzers/build/_deps/adaptivecpp-src/src/runtime/ze/ze_queue.cpp: HIPSYCL_WITH_SSCP_COMPILER...
192/543 files checked 36% done
Checking HPC-Compiler-Fuzzers/build/_deps/adaptivecpp-src/src/tools/acpp-appdb-tool/acpp-appdb-tool.cpp ...
Checking HPC-Compiler-Fuzzers/build/_deps/adaptivecpp-src/src/tools/acpp-appdb-tool/acpp-appdb-tool.cpp: _WIN32...
193/543 files checked 36% done
Checking HPC-Compiler-Fuzzers/build/_deps/adaptivecpp-src/src/tools/acpp-hcf-tool/acpp-hcf-tool.cpp ...
194/543 files checked 36% done
Checking HPC-Compiler-Fuzzers/build/_deps/adaptivecpp-src/src/tools/acpp-info/acpp-info.cpp ...
195/543 files checked 36% done
Checking HPC-Compiler-Fuzzers/build/_deps/adaptivecpp-src/tests/compiler/cbs/accumulator_for.cpp ...
196/543 files checked 36% done
Checking HPC-Compiler-Fuzzers/build/_deps/adaptivecpp-src/tests/compiler/cbs/add_modulo.cpp ...
197/543 files checked 36% done
Checking HPC-Compiler-Fuzzers/build/_deps/adaptivecpp-src/tests/compiler/cbs/babelstream_dot.cpp ...
198/543 files checked 37% done
Checking HPC-Compiler-Fuzzers/build/_deps/adaptivecpp-src/tests/compiler/cbs/cond_between_barriers.cpp ...
199/543 files checked 37% done
Checking HPC-Compiler-Fuzzers/build/_deps/adaptivecpp-src/tests/compiler/cbs/conds.cpp ...
200/543 files checked 37% done
Checking HPC-Compiler-Fuzzers/build/_deps/adaptivecpp-src/tests/compiler/cbs/conds_in_for.cpp ...
201/543 files checked 37% done
Checking HPC-Compiler-Fuzzers/build/_deps/adaptivecpp-src/tests/compiler/cbs/const_init_accumulator_for.cpp ...
202/543 files checked 37% done
Checking HPC-Compiler-Fuzzers/build/_deps/adaptivecpp-src/tests/compiler/cbs/for_in_cond.cpp ...
203/543 files checked 37% done
Checking HPC-Compiler-Fuzzers/build/_deps/adaptivecpp-src/tests/compiler/cbs/group_barrier.cpp ...
204/543 files checked 37% done
Checking HPC-Compiler-Fuzzers/build/_deps/adaptivecpp-src/tests/compiler/cbs/item_dependent_cond_in_for.cpp ...
205/543 files checked 37% done
Checking HPC-Compiler-Fuzzers/build/_deps/adaptivecpp-src/tests/compiler/cbs/item_dependent_for.cpp ...
206/543 files checked 37% done
Checking HPC-Compiler-Fuzzers/build/_deps/adaptivecpp-src/tests/compiler/cbs/multiple_indvars_for.cpp ...
207/543 files checked 37% done
Checking HPC-Compiler-Fuzzers/build/_deps/adaptivecpp-src/tests/compiler/cbs/no_barriers.cpp ...
208/543 files checked 37% done
Checking HPC-Compiler-Fuzzers/build/_deps/adaptivecpp-src/tests/compiler/cbs/reduce_const_for.cpp ...
209/543 files checked 37% done
Checking HPC-Compiler-Fuzzers/build/_deps/adaptivecpp-src/tests/compiler/cbs/reduce_do_while.cpp ...
210/543 files checked 37% done
Checking HPC-Compiler-Fuzzers/build/_deps/adaptivecpp-src/tests/compiler/cbs/reduce_for.cpp ...
211/543 files checked 37% done
Checking HPC-Compiler-Fuzzers/build/_deps/adaptivecpp-src/tests/compiler/cbs/reduce_for_inverse_barrier.cpp ...
212/543 files checked 37% done
Checking HPC-Compiler-Fuzzers/build/_deps/adaptivecpp-src/tests/compiler/cbs/reduce_nested_for.cpp ...
213/543 files checked 37% done
Checking HPC-Compiler-Fuzzers/build/_deps/adaptivecpp-src/tests/compiler/cbs/reduce_unrolled.cpp ...
214/543 files checked 37% done
Checking HPC-Compiler-Fuzzers/build/_deps/adaptivecpp-src/tests/compiler/cbs/reduce_while.cpp ...
215/543 files checked 37% done
Checking HPC-Compiler-Fuzzers/build/_deps/adaptivecpp-src/tests/compiler/cbs/reduce_while_early_update.cpp ...
216/543 files checked 37% done
Checking HPC-Compiler-Fuzzers/build/_deps/adaptivecpp-src/tests/compiler/cbs/right_heavy_cond.cpp ...
217/543 files checked 38% done
Checking HPC-Compiler-Fuzzers/build/_deps/adaptivecpp-src/tests/compiler/cbs/simple_kernel.cpp ...
218/543 files checked 38% done
Checking HPC-Compiler-Fuzzers/build/_deps/adaptivecpp-src/tests/compiler/cbs/stencil.cpp ...
219/543 files checked 38% done
Checking HPC-Compiler-Fuzzers/build/_deps/adaptivecpp-src/tests/compiler/cbs/sycl_dgemm.cpp ...
220/543 files checked 38% done
Checking HPC-Compiler-Fuzzers/build/_deps/adaptivecpp-src/tests/compiler/cbs/two_barrier_for.cpp ...
221/543 files checked 38% done
Checking HPC-Compiler-Fuzzers/build/_deps/adaptivecpp-src/tests/compiler/reflection/function_name.cpp ...
222/543 files checked 38% done
Checking HPC-Compiler-Fuzzers/build/_deps/adaptivecpp-src/tests/compiler/reflection/introspect_struct.cpp ...
223/543 files checked 38% done
Checking HPC-Compiler-Fuzzers/build/_deps/adaptivecpp-src/tests/compiler/sscp/builtin_remapping.cpp ...
224/543 files checked 38% done
Checking HPC-Compiler-Fuzzers/build/_deps/adaptivecpp-src/tests/compiler/sscp/circular_global.cpp ...
225/543 files checked 38% done
Checking HPC-Compiler-Fuzzers/build/_deps/adaptivecpp-src/tests/compiler/sscp/dynamic_function.cpp ...
226/543 files checked 38% done
Checking HPC-Compiler-Fuzzers/build/_deps/adaptivecpp-src/tests/compiler/sscp/global_constant.cpp ...
227/543 files checked 38% done
Checking HPC-Compiler-Fuzzers/build/_deps/adaptivecpp-src/tests/compiler/sscp/specialized.cpp ...
228/543 files checked 38% done
Checking HPC-Compiler-Fuzzers/build/_deps/adaptivecpp-src/tests/compiler/sscp/type_annotation.cpp ...
229/543 files checked 38% done
Checking HPC-Compiler-Fuzzers/build/_deps/adaptivecpp-src/tests/compiler/stdpar/sync-elision/call_sequence.cpp ...
230/543 files checked 38% done
Checking HPC-Compiler-Fuzzers/build/_deps/adaptivecpp-src/tests/compiler/stdpar/sync-elision/control_flow.cpp ...
231/543 files checked 38% done
Checking HPC-Compiler-Fuzzers/build/_deps/adaptivecpp-src/tests/compiler/stdpar/sync-elision/function_exit.cpp ...
232/543 files checked 38% done
Checking HPC-Compiler-Fuzzers/build/_deps/adaptivecpp-src/tests/compiler/stdpar/sync-elision/load_store.cpp ...
233/543 files checked 38% done
Checking HPC-Compiler-Fuzzers/build/_deps/adaptivecpp-src/tests/device_compilation_tests.cpp ...
234/543 files checked 39% done
Checking HPC-Compiler-Fuzzers/build/_deps/adaptivecpp-src/tests/dump_test/dump_test.cpp ...
235/543 files checked 39% done
Checking HPC-Compiler-Fuzzers/build/_deps/adaptivecpp-src/tests/platform_api/api_test.cpp ...
236/543 files checked 39% done
Checking HPC-Compiler-Fuzzers/build/_deps/adaptivecpp-src/tests/pstl/all_of.cpp ...
237/543 files checked 39% done
Checking HPC-Compiler-Fuzzers/build/_deps/adaptivecpp-src/tests/pstl/allocation_map.cpp ...
238/543 files checked 39% done
Checking HPC-Compiler-Fuzzers/build/_deps/adaptivecpp-src/tests/pstl/any_of.cpp ...
239/543 files checked 39% done
Checking HPC-Compiler-Fuzzers/build/_deps/adaptivecpp-src/tests/pstl/copy.cpp ...
240/543 files checked 39% done
Checking HPC-Compiler-Fuzzers/build/_deps/adaptivecpp-src/tests/pstl/copy_if.cpp ...
241/543 files checked 39% done
Checking HPC-Compiler-Fuzzers/build/_deps/adaptivecpp-src/tests/pstl/copy_n.cpp ...
242/543 files checked 39% done
Checking HPC-Compiler-Fuzzers/build/_deps/adaptivecpp-src/tests/pstl/fill.cpp ...
243/543 files checked 39% done
Checking HPC-Compiler-Fuzzers/build/_deps/adaptivecpp-src/tests/pstl/fill_n.cpp ...
244/543 files checked 39% done
Checking HPC-Compiler-Fuzzers/build/_deps/adaptivecpp-src/tests/pstl/for_each.cpp ...
245/543 files checked 40% done
Checking HPC-Compiler-Fuzzers/build/_deps/adaptivecpp-src/tests/pstl/for_each_n.cpp ...
246/543 files checked 40% done
Checking HPC-Compiler-Fuzzers/build/_deps/adaptivecpp-src/tests/pstl/free_space_map.cpp ...
247/543 files checked 40% done
Checking HPC-Compiler-Fuzzers/build/_deps/adaptivecpp-src/tests/pstl/generate.cpp ...
248/543 files checked 40% done
Checking HPC-Compiler-Fuzzers/build/_deps/adaptivecpp-src/tests/pstl/generate_n.cpp ...
249/543 files checked 40% done
Checking HPC-Compiler-Fuzzers/build/_deps/adaptivecpp-src/tests/pstl/memory.cpp ...
250/543 files checked 40% done
Checking HPC-Compiler-Fuzzers/build/_deps/adaptivecpp-src/tests/pstl/merge.cpp ...
251/543 files checked 40% done
Checking HPC-Compiler-Fuzzers/build/_deps/adaptivecpp-src/tests/pstl/none_of.cpp ...
252/543 files checked 40% done
Checking HPC-Compiler-Fuzzers/build/_deps/adaptivecpp-src/tests/pstl/pointer_validation.cpp ...
253/543 files checked 40% done
Checking HPC-Compiler-Fuzzers/build/_deps/adaptivecpp-src/tests/pstl/pstl_test_suite.cpp ...
254/543 files checked 40% done
Checking HPC-Compiler-Fuzzers/build/_deps/adaptivecpp-src/tests/pstl/reduce.cpp ...
255/543 files checked 40% done
Checking HPC-Compiler-Fuzzers/build/_deps/adaptivecpp-src/tests/pstl/replace.cpp ...
256/543 files checked 40% done
Checking HPC-Compiler-Fuzzers/build/_deps/adaptivecpp-src/tests/pstl/replace_copy.cpp ...
257/543 files checked 40% done
Checking HPC-Compiler-Fuzzers/build/_deps/adaptivecpp-src/tests/pstl/replace_copy_if.cpp ...
258/543 files checked 40% done
Checking HPC-Compiler-Fuzzers/build/_deps/adaptivecpp-src/tests/pstl/replace_if.cpp ...
259/543 files checked 40% done
Checking HPC-Compiler-Fuzzers/build/_deps/adaptivecpp-src/tests/pstl/sort.cpp ...
260/543 files checked 40% done
Checking HPC-Compiler-Fuzzers/build/_deps/adaptivecpp-src/tests/pstl/std_atomic.cpp ...
261/543 files checked 41% done
Checking HPC-Compiler-Fuzzers/build/_deps/adaptivecpp-src/tests/pstl/std_math.cpp ...
262/543 files checked 41% done
Checking HPC-Compiler-Fuzzers/build/_deps/adaptivecpp-src/tests/pstl/transform.cpp ...
263/543 files checked 41% done
Checking HPC-Compiler-Fuzzers/build/_deps/adaptivecpp-src/tests/pstl/transform_reduce.cpp ...
264/543 files checked 41% done
Checking HPC-Compiler-Fuzzers/build/_deps/adaptivecpp-src/tests/runtime/dag_builder.cpp ...
265/543 files checked 41% done
Checking HPC-Compiler-Fuzzers/build/_deps/adaptivecpp-src/tests/runtime/data.cpp ...
266/543 files checked 41% done
Checking HPC-Compiler-Fuzzers/build/_deps/adaptivecpp-src/tests/runtime/device_manager.cpp ...
Checking HPC-Compiler-Fuzzers/build/_deps/adaptivecpp-src/tests/runtime/device_manager.cpp: HIPSYCL_PLATFORM_CUDA...
Checking HPC-Compiler-Fuzzers/build/_deps/adaptivecpp-src/tests/runtime/device_manager.cpp: HIPSYCL_PLATFORM_HIP...
267/543 files checked 41% done
Checking HPC-Compiler-Fuzzers/build/_deps/adaptivecpp-src/tests/runtime/runtime_test_suite.cpp ...
268/543 files checked 41% done
Checking HPC-Compiler-Fuzzers/build/_deps/adaptivecpp-src/tests/sycl/accessor.cpp ...
Checking HPC-Compiler-Fuzzers/build/_deps/adaptivecpp-src/tests/sycl/accessor.cpp: ACPP_EXT_ACCESSOR_VARIANT_DEDUCTION...
269/543 files checked 42% done
Checking HPC-Compiler-Fuzzers/build/_deps/adaptivecpp-src/tests/sycl/atomic.cpp ...
270/543 files checked 42% done
Checking HPC-Compiler-Fuzzers/build/_deps/adaptivecpp-src/tests/sycl/buffer.cpp ...
271/543 files checked 42% done
Checking HPC-Compiler-Fuzzers/build/_deps/adaptivecpp-src/tests/sycl/explicit_copy.cpp ...
Checking HPC-Compiler-Fuzzers/build/_deps/adaptivecpp-src/tests/sycl/explicit_copy.cpp: HIPSYCL_TEST_NO_3D_COPIES...
272/543 files checked 43% done
Checking HPC-Compiler-Fuzzers/build/_deps/adaptivecpp-src/tests/sycl/extensions.cpp ...
Checking HPC-Compiler-Fuzzers/build/_deps/adaptivecpp-src/tests/sycl/extensions.cpp: ACPP_EXT_ACCESSOR_VARIANTS...
Checking HPC-Compiler-Fuzzers/build/_deps/adaptivecpp-src/tests/sycl/extensions.cpp: ACPP_EXT_ACCESSOR_VARIANTS;ACPP_EXT_ACCESSOR_VARIANT_DEDUCTION...
Checking HPC-Compiler-Fuzzers/build/_deps/adaptivecpp-src/tests/sycl/extensions.cpp: ACPP_EXT_AUTO_PLACEHOLDER_REQUIRE...
Checking HPC-Compiler-Fuzzers/build/_deps/adaptivecpp-src/tests/sycl/extensions.cpp: ACPP_EXT_BUFFER_PAGE_SIZE...
Checking HPC-Compiler-Fuzzers/build/_deps/adaptivecpp-src/tests/sycl/extensions.cpp: ACPP_EXT_BUFFER_USM_INTEROP...
Checking HPC-Compiler-Fuzzers/build/_deps/adaptivecpp-src/tests/sycl/extensions.cpp: ACPP_EXT_BUFFER_USM_INTEROP;ACPP_EXT_UPDATE_DEVICE...
Checking HPC-Compiler-Fuzzers/build/_deps/adaptivecpp-src/tests/sycl/extensions.cpp: ACPP_EXT_CG_PROPERTY_PREFER_EXECUTION_LANE...
Checking HPC-Compiler-Fuzzers/build/_deps/adaptivecpp-src/tests/sycl/extensions.cpp: ACPP_EXT_CG_PROPERTY_PREFER_GROUP_SIZE...
Checking HPC-Compiler-Fuzzers/build/_deps/adaptivecpp-src/tests/sycl/extensions.cpp: ACPP_EXT_CG_PROPERTY_PREFER_GROUP_SIZE;__ACPP_ENABLE_CUDA_TARGET__;__ACPP_ENABLE_HIP_TARGET__;__ACPP_ENABLE_LLVM_SSCP_TARGET__...
Checking HPC-Compiler-Fuzzers/build/_deps/adaptivecpp-src/tests/sycl/extensions.cpp: ACPP_EXT_CG_PROPERTY_RETARGET...
Checking HPC-Compiler-Fuzzers/build/_deps/adaptivecpp-src/tests/sycl/extensions.cpp: ACPP_EXT_COARSE_GRAINED_EVENTS...
273/543 files checked 44% done
Checking HPC-Compiler-Fuzzers/build/_deps/adaptivecpp-src/tests/sycl/fill.cpp ...
274/543 files checked 44% done
Checking HPC-Compiler-Fuzzers/build/_deps/adaptivecpp-src/tests/sycl/group_functions/group_functions_binary_reduce.cpp ...
Checking HPC-Compiler-Fuzzers/build/_deps/adaptivecpp-src/tests/sycl/group_functions/group_functions_binary_reduce.cpp: HIPSYCL_ENABLE_GROUP_ALGORITHM_TESTS...
Checking HPC-Compiler-Fuzzers/build/_deps/adaptivecpp-src/tests/sycl/group_functions/group_functions_binary_reduce.cpp: TESTS_GROUPFUNCTION_FULL...
275/543 files checked 44% done
Checking HPC-Compiler-Fuzzers/build/_deps/adaptivecpp-src/tests/sycl/group_functions/group_functions_misc.cpp ...
Checking HPC-Compiler-Fuzzers/build/_deps/adaptivecpp-src/tests/sycl/group_functions/group_functions_misc.cpp: HIPSYCL_ENABLE_GROUP_ALGORITHM_TESTS...
Checking HPC-Compiler-Fuzzers/build/_deps/adaptivecpp-src/tests/sycl/group_functions/group_functions_misc.cpp: HIPSYCL_ENABLE_GROUP_ALGORITHM_TESTS;REDUCED_LOCAL_MEM_USAGE...
Checking HPC-Compiler-Fuzzers/build/_deps/adaptivecpp-src/tests/sycl/group_functions/group_functions_misc.cpp: TESTS_GROUPFUNCTION_FULL...
276/543 files checked 45% done
Checking HPC-Compiler-Fuzzers/build/_deps/adaptivecpp-src/tests/sycl/group_functions/group_functions_reduce.cpp ...
Checking HPC-Compiler-Fuzzers/build/_deps/adaptivecpp-src/tests/sycl/group_functions/group_functions_reduce.cpp: HIPSYCL_ENABLE_GROUP_ALGORITHM_TESTS...
Checking HPC-Compiler-Fuzzers/build/_deps/adaptivecpp-src/tests/sycl/group_functions/group_functions_reduce.cpp: TESTS_GROUPFUNCTION_FULL...
277/543 files checked 45% done
Checking HPC-Compiler-Fuzzers/build/_deps/adaptivecpp-src/tests/sycl/group_functions/group_functions_scan.cpp ...
Checking HPC-Compiler-Fuzzers/build/_deps/adaptivecpp-src/tests/sycl/group_functions/group_functions_scan.cpp: HIPSYCL_ENABLE_GROUP_ALGORITHM_TESTS...
Checking HPC-Compiler-Fuzzers/build/_deps/adaptivecpp-src/tests/sycl/group_functions/group_functions_scan.cpp: TESTS_GROUPFUNCTION_FULL...
278/543 files checked 46% done
Checking HPC-Compiler-Fuzzers/build/_deps/adaptivecpp-src/tests/sycl/half.cpp ...
279/543 files checked 46% done
Checking HPC-Compiler-Fuzzers/build/_deps/adaptivecpp-src/tests/sycl/id_range.cpp ...
280/543 files checked 47% done
Checking HPC-Compiler-Fuzzers/build/_deps/adaptivecpp-src/tests/sycl/info_queries.cpp ...
281/543 files checked 47% done
Checking HPC-Compiler-Fuzzers/build/_deps/adaptivecpp-src/tests/sycl/interop_handle.cpp ...
282/543 files checked 47% done
Checking HPC-Compiler-Fuzzers/build/_deps/adaptivecpp-src/tests/sycl/item.cpp ...
283/543 files checked 47% done
Checking HPC-Compiler-Fuzzers/build/_deps/adaptivecpp-src/tests/sycl/kernel_invocation.cpp ...
Checking HPC-Compiler-Fuzzers/build/_deps/adaptivecpp-src/tests/sycl/kernel_invocation.cpp: __ACPP_ENABLE_LLVM_SSCP_TARGET__...
284/543 files checked 47% done
Checking HPC-Compiler-Fuzzers/build/_deps/adaptivecpp-src/tests/sycl/marray.cpp ...
285/543 files checked 47% done
Checking HPC-Compiler-Fuzzers/build/_deps/adaptivecpp-src/tests/sycl/math.cpp ...
286/543 files checked 48% done
Checking HPC-Compiler-Fuzzers/build/_deps/adaptivecpp-src/tests/sycl/multi_ptr.cpp ...
287/543 files checked 48% done
Checking HPC-Compiler-Fuzzers/build/_deps/adaptivecpp-src/tests/sycl/profiler.cpp ...
288/543 files checked 48% done
Checking HPC-Compiler-Fuzzers/build/_deps/adaptivecpp-src/tests/sycl/queue.cpp ...
289/543 files checked 48% done
Checking HPC-Compiler-Fuzzers/build/_deps/adaptivecpp-src/tests/sycl/reduction.cpp ...
Checking HPC-Compiler-Fuzzers/build/_deps/adaptivecpp-src/tests/sycl/reduction.cpp: __ACPP_USE_ACCELERATED_CPU__...
290/543 files checked 49% done
Checking HPC-Compiler-Fuzzers/build/_deps/adaptivecpp-src/tests/sycl/reference_semantics.cpp ...
291/543 files checked 49% done
Checking HPC-Compiler-Fuzzers/build/_deps/adaptivecpp-src/tests/sycl/relational.cpp ...
292/543 files checked 49% done
Checking HPC-Compiler-Fuzzers/build/_deps/adaptivecpp-src/tests/sycl/smoke/task_graph.cpp ...
293/543 files checked 49% done
Checking HPC-Compiler-Fuzzers/build/_deps/adaptivecpp-src/tests/sycl/sub_group.cpp ...
294/543 files checked 49% done
Checking HPC-Compiler-Fuzzers/build/_deps/adaptivecpp-src/tests/sycl/sycl_test_suite.cpp ...
295/543 files checked 49% done
Checking HPC-Compiler-Fuzzers/build/_deps/adaptivecpp-src/tests/sycl/usm.cpp ...
296/543 files checked 49% done
Checking HPC-Compiler-Fuzzers/build/_deps/adaptivecpp-src/tests/sycl/vec.cpp ...
297/543 files checked 49% done
Checking HPC-Compiler-Fuzzers/build/_deps/caliper-src/doc/sphinx/examples/example.cpp ...
298/543 files checked 50% done
Checking HPC-Compiler-Fuzzers/build/_deps/caliper-src/doc/sphinx/examples/snapshot-api.c ...
299/543 files checked 50% done
Checking HPC-Compiler-Fuzzers/build/_deps/caliper-src/examples/apps/c-example.c ...
300/543 files checked 50% done
Checking HPC-Compiler-Fuzzers/build/_deps/caliper-src/examples/apps/cali-functional.cpp ...
301/543 files checked 50% done
Checking HPC-Compiler-Fuzzers/build/_deps/caliper-src/examples/apps/cali-memtracking-macros.cpp ...
302/543 files checked 50% done
Checking HPC-Compiler-Fuzzers/build/_deps/caliper-src/examples/apps/cali-memtracking.cpp ...
303/543 files checked 50% done
Checking HPC-Compiler-Fuzzers/build/_deps/caliper-src/examples/apps/cali-perfproblem-branch-mispred.cpp ...
304/543 files checked 50% done
Checking HPC-Compiler-Fuzzers/build/_deps/caliper-src/examples/apps/cali-print-snapshot.c ...
305/543 files checked 50% done
Checking HPC-Compiler-Fuzzers/build/_deps/caliper-src/examples/apps/cali-regionprofile.cpp ...
306/543 files checked 50% done
Checking HPC-Compiler-Fuzzers/build/_deps/caliper-src/examples/apps/collective-output-channel.cpp ...
307/543 files checked 50% done
Checking HPC-Compiler-Fuzzers/build/_deps/caliper-src/examples/apps/cxx-example.cpp ...
308/543 files checked 50% done
Checking HPC-Compiler-Fuzzers/build/_deps/caliper-src/ext/gotcha/src/elf_ops.c ...
Checking HPC-Compiler-Fuzzers/build/_deps/caliper-src/ext/gotcha/src/elf_ops.c: BUILDING_LIBC_WRAPPERS...
Checking HPC-Compiler-Fuzzers/build/_deps/caliper-src/ext/gotcha/src/elf_ops.c: __WORDSIZE=64...
309/543 files checked 50% done
Checking HPC-Compiler-Fuzzers/build/_deps/caliper-src/ext/gotcha/src/gotcha.c ...
Checking HPC-Compiler-Fuzzers/build/_deps/caliper-src/ext/gotcha/src/gotcha.c: BUILDING_LIBC_WRAPPERS...
Checking HPC-Compiler-Fuzzers/build/_deps/caliper-src/ext/gotcha/src/gotcha.c: __WORDSIZE=64...
310/543 files checked 51% done
Checking HPC-Compiler-Fuzzers/build/_deps/caliper-src/ext/gotcha/src/gotcha_auxv.c ...
Checking HPC-Compiler-Fuzzers/build/_deps/caliper-src/ext/gotcha/src/gotcha_auxv.c: BUILDING_LIBC_WRAPPERS...
Checking HPC-Compiler-Fuzzers/build/_deps/caliper-src/ext/gotcha/src/gotcha_auxv.c: __WORDSIZE=64...
311/543 files checked 51% done
Checking HPC-Compiler-Fuzzers/build/_deps/caliper-src/ext/gotcha/src/gotcha_dl.c ...
Checking HPC-Compiler-Fuzzers/build/_deps/caliper-src/ext/gotcha/src/gotcha_dl.c: BUILDING_LIBC_WRAPPERS...
Checking HPC-Compiler-Fuzzers/build/_deps/caliper-src/ext/gotcha/src/gotcha_dl.c: __WORDSIZE=64...
312/543 files checked 51% done
Checking HPC-Compiler-Fuzzers/build/_deps/caliper-src/ext/gotcha/src/gotcha_utils.c ...
Checking HPC-Compiler-Fuzzers/build/_deps/caliper-src/ext/gotcha/src/gotcha_utils.c: BUILDING_LIBC_WRAPPERS...
Checking HPC-Compiler-Fuzzers/build/_deps/caliper-src/ext/gotcha/src/gotcha_utils.c: __WORDSIZE=64...
313/543 files checked 51% done
Checking HPC-Compiler-Fuzzers/build/_deps/caliper-src/ext/gotcha/src/hash.c ...
Checking HPC-Compiler-Fuzzers/build/_deps/caliper-src/ext/gotcha/src/hash.c: BUILDING_LIBC_WRAPPERS...
314/543 files checked 52% done
Checking HPC-Compiler-Fuzzers/build/_deps/caliper-src/ext/gotcha/src/libc_wrappers.c ...
Checking HPC-Compiler-Fuzzers/build/_deps/caliper-src/ext/gotcha/src/libc_wrappers.c: SYS_open...
315/543 files checked 52% done
Checking HPC-Compiler-Fuzzers/build/_deps/caliper-src/ext/gotcha/src/library_filters.c ...
Checking HPC-Compiler-Fuzzers/build/_deps/caliper-src/ext/gotcha/src/library_filters.c: BUILDING_LIBC_WRAPPERS...
Checking HPC-Compiler-Fuzzers/build/_deps/caliper-src/ext/gotcha/src/library_filters.c: __WORDSIZE=64...
316/543 files checked 52% done
Checking HPC-Compiler-Fuzzers/build/_deps/caliper-src/ext/gotcha/src/tool.c ...
Checking HPC-Compiler-Fuzzers/build/_deps/caliper-src/ext/gotcha/src/tool.c: BUILDING_LIBC_WRAPPERS...
Checking HPC-Compiler-Fuzzers/build/_deps/caliper-src/ext/gotcha/src/tool.c: __WORDSIZE=64...
317/543 files checked 52% done
Checking HPC-Compiler-Fuzzers/build/_deps/caliper-src/ext/gotcha/src/translations.c ...
Checking HPC-Compiler-Fuzzers/build/_deps/caliper-src/ext/gotcha/src/translations.c: __WORDSIZE=64...
318/543 files checked 52% done
Checking HPC-Compiler-Fuzzers/build/_deps/caliper-src/src/caliper/Annotation.cpp ...
319/543 files checked 53% done
Checking HPC-Compiler-Fuzzers/build/_deps/caliper-src/src/caliper/AnnotationBinding.cpp ...
320/543 files checked 53% done
Checking HPC-Compiler-Fuzzers/build/_deps/caliper-src/src/caliper/Blackboard.cpp ...
Checking HPC-Compiler-Fuzzers/build/_deps/caliper-src/src/caliper/Blackboard.cpp: _WIN32...
321/543 files checked 53% done
Checking HPC-Compiler-Fuzzers/build/_deps/caliper-src/src/caliper/Caliper.cpp ...
322/543 files checked 54% done
Checking HPC-Compiler-Fuzzers/build/_deps/caliper-src/src/caliper/ChannelController.cpp ...
323/543 files checked 54% done
Checking HPC-Compiler-Fuzzers/build/_deps/caliper-src/src/caliper/CollectiveOutputChannel.cpp ...
324/543 files checked 54% done
Checking HPC-Compiler-Fuzzers/build/_deps/caliper-src/src/caliper/ConfigManager.cpp ...
Checking HPC-Compiler-Fuzzers/build/_deps/caliper-src/src/caliper/ConfigManager.cpp: CALIPER_HAVE_ARCH;CALIPER_HAVE_PAPI...
Checking HPC-Compiler-Fuzzers/build/_deps/caliper-src/src/caliper/ConfigManager.cpp: CALIPER_HAVE_CUPTI...
Checking HPC-Compiler-Fuzzers/build/_deps/caliper-src/src/caliper/ConfigManager.cpp: CALIPER_HAVE_GOTCHA...
Checking HPC-Compiler-Fuzzers/build/_deps/caliper-src/src/caliper/ConfigManager.cpp: CALIPER_HAVE_KOKKOS...
Checking HPC-Compiler-Fuzzers/build/_deps/caliper-src/src/caliper/ConfigManager.cpp: CALIPER_HAVE_LIBDW...
Checking HPC-Compiler-Fuzzers/build/_deps/caliper-src/src/caliper/ConfigManager.cpp: CALIPER_HAVE_MPI...
Checking HPC-Compiler-Fuzzers/build/_deps/caliper-src/src/caliper/ConfigManager.cpp: CALIPER_HAVE_OMPT...
Checking HPC-Compiler-Fuzzers/build/_deps/caliper-src/src/caliper/ConfigManager.cpp: CALIPER_HAVE_PAPI...
Checking HPC-Compiler-Fuzzers/build/_deps/caliper-src/src/caliper/ConfigManager.cpp: CALIPER_HAVE_PCP...
Checking HPC-Compiler-Fuzzers/build/_deps/caliper-src/src/caliper/ConfigManager.cpp: CALIPER_HAVE_ROCPROFILER;CALIPER_HAVE_ROCTRACER...
Checking HPC-Compiler-Fuzzers/build/_deps/caliper-src/src/caliper/ConfigManager.cpp: CALIPER_HAVE_UMPIRE...
325/543 files checked 56% done
Checking HPC-Compiler-Fuzzers/build/_deps/caliper-src/src/caliper/CustomOutputController.cpp ...
326/543 files checked 56% done
Checking HPC-Compiler-Fuzzers/build/_deps/caliper-src/src/caliper/MemoryPool.cpp ...
327/543 files checked 56% done
Checking HPC-Compiler-Fuzzers/build/_deps/caliper-src/src/caliper/MetadataTree.cpp ...
328/543 files checked 56% done
Checking HPC-Compiler-Fuzzers/build/_deps/caliper-src/src/caliper/MpiChannelManager.cpp ...
329/543 files checked 56% done
Checking HPC-Compiler-Fuzzers/build/_deps/caliper-src/src/caliper/OutputCommMpi.cpp ...
330/543 files checked 56% done
Checking HPC-Compiler-Fuzzers/build/_deps/caliper-src/src/caliper/RegionFilter.cpp ...
331/543 files checked 56% done
Checking HPC-Compiler-Fuzzers/build/_deps/caliper-src/src/caliper/RegionProfile.cpp ...
332/543 files checked 56% done
Checking HPC-Compiler-Fuzzers/build/_deps/caliper-src/src/caliper/aggregate_over_mpi.cpp ...
333/543 files checked 57% done
Checking HPC-Compiler-Fuzzers/build/_deps/caliper-src/src/caliper/api.cpp ...
334/543 files checked 57% done
Checking HPC-Compiler-Fuzzers/build/_deps/caliper-src/src/caliper/builtin_configmanager.cpp ...
335/543 files checked 57% done
Checking HPC-Compiler-Fuzzers/build/_deps/caliper-src/src/caliper/cali.cpp ...
336/543 files checked 57% done
Checking HPC-Compiler-Fuzzers/build/_deps/caliper-src/src/caliper/cali_datatracker.cpp ...
337/543 files checked 57% done
Checking HPC-Compiler-Fuzzers/build/_deps/caliper-src/src/caliper/collective_flush.cpp ...
338/543 files checked 57% done
Checking HPC-Compiler-Fuzzers/build/_deps/caliper-src/src/caliper/config_sanity_check.cpp ...
339/543 files checked 57% done
Checking HPC-Compiler-Fuzzers/build/_deps/caliper-src/src/caliper/controllers/CudaActivityProfileController.cpp ...
340/543 files checked 58% done
Checking HPC-Compiler-Fuzzers/build/_deps/caliper-src/src/caliper/controllers/CudaActivityReportController.cpp ...
341/543 files checked 58% done
Checking HPC-Compiler-Fuzzers/build/_deps/caliper-src/src/caliper/controllers/HatchetRegionProfileController.cpp ...
342/543 files checked 58% done
Checking HPC-Compiler-Fuzzers/build/_deps/caliper-src/src/caliper/controllers/HatchetSampleProfileController.cpp ...
343/543 files checked 58% done
Checking HPC-Compiler-Fuzzers/build/_deps/caliper-src/src/caliper/controllers/LoopReportController.cpp ...
344/543 files checked 58% done
Checking HPC-Compiler-Fuzzers/build/_deps/caliper-src/src/caliper/controllers/OpenMPReportController.cpp ...
345/543 files checked 59% done
Checking HPC-Compiler-Fuzzers/build/_deps/caliper-src/src/caliper/controllers/ROCmActivityProfileController.cpp ...
346/543 files checked 59% done
Checking HPC-Compiler-Fuzzers/build/_deps/caliper-src/src/caliper/controllers/ROCmActivityReportController.cpp ...
347/543 files checked 59% done
Checking HPC-Compiler-Fuzzers/build/_deps/caliper-src/src/caliper/controllers/RuntimeReportController.cpp ...
348/543 files checked 59% done
Checking HPC-Compiler-Fuzzers/build/_deps/caliper-src/src/caliper/controllers/SampleReportController.cpp ...
349/543 files checked 59% done
Checking HPC-Compiler-Fuzzers/build/_deps/caliper-src/src/caliper/controllers/SpotController.cpp ...
Checking HPC-Compiler-Fuzzers/build/_deps/caliper-src/src/caliper/controllers/SpotController.cpp: CALIPER_HAVE_ADIAK...
350/543 files checked 60% done
Checking HPC-Compiler-Fuzzers/build/_deps/caliper-src/src/caliper/controllers/controllers.cpp ...
Checking HPC-Compiler-Fuzzers/build/_deps/caliper-src/src/caliper/controllers/controllers.cpp: CALIPER_WITH_PAPI_RDPMC...
351/543 files checked 61% done
Checking HPC-Compiler-Fuzzers/build/_deps/caliper-src/src/caliper/controllers/util.cpp ...
352/543 files checked 61% done
Checking HPC-Compiler-Fuzzers/build/_deps/caliper-src/src/caliper/machine_mpi.cpp ...
353/543 files checked 61% done
Checking HPC-Compiler-Fuzzers/build/_deps/caliper-src/src/caliper/machine_serial.cpp ...
354/543 files checked 61% done
Checking HPC-Compiler-Fuzzers/build/_deps/caliper-src/src/caliper/mpi_flush.cpp ...
355/543 files checked 61% done
Checking HPC-Compiler-Fuzzers/build/_deps/caliper-src/src/caliper/setup_mpi.cpp ...
356/543 files checked 61% done
Checking HPC-Compiler-Fuzzers/build/_deps/caliper-src/src/caliper/setup_serial.cpp ...
357/543 files checked 61% done
Checking HPC-Compiler-Fuzzers/build/_deps/caliper-src/src/caliper/test/test_attribute.cpp ...
358/543 files checked 62% done
Checking HPC-Compiler-Fuzzers/build/_deps/caliper-src/src/caliper/test/test_blackboard.cpp ...
359/543 files checked 62% done
Checking HPC-Compiler-Fuzzers/build/_deps/caliper-src/src/caliper/test/test_c_api.cpp ...
360/543 files checked 62% done
Checking HPC-Compiler-Fuzzers/build/_deps/caliper-src/src/caliper/test/test_c_snapshot.cpp ...
361/543 files checked 62% done
Checking HPC-Compiler-Fuzzers/build/_deps/caliper-src/src/caliper/test/test_c_wrapper.cpp ...
362/543 files checked 62% done
Checking HPC-Compiler-Fuzzers/build/_deps/caliper-src/src/caliper/test/test_channel_api.cpp ...
363/543 files checked 62% done
Checking HPC-Compiler-Fuzzers/build/_deps/caliper-src/src/caliper/test/test_channel_controller.cpp ...
364/543 files checked 62% done
Checking HPC-Compiler-Fuzzers/build/_deps/caliper-src/src/caliper/test/test_configmanager.cpp ...
365/543 files checked 63% done
Checking HPC-Compiler-Fuzzers/build/_deps/caliper-src/src/caliper/test/test_metadatatree.cpp ...
366/543 files checked 63% done
Checking HPC-Compiler-Fuzzers/build/_deps/caliper-src/src/caliper/test/test_postprocess_snapshot.cpp ...
367/543 files checked 63% done
Checking HPC-Compiler-Fuzzers/build/_deps/caliper-src/src/caliper/test/test_regionfilter.cpp ...
368/543 files checked 63% done
Checking HPC-Compiler-Fuzzers/build/_deps/caliper-src/src/common/Attribute.cpp ...
369/543 files checked 63% done
Checking HPC-Compiler-Fuzzers/build/_deps/caliper-src/src/common/CaliperMetadataAccessInterface.cpp ...
370/543 files checked 63% done
Checking HPC-Compiler-Fuzzers/build/_deps/caliper-src/src/common/CompressedSnapshotRecord.cpp ...
371/543 files checked 63% done
Checking HPC-Compiler-Fuzzers/build/_deps/caliper-src/src/common/Entry.cpp ...
372/543 files checked 63% done
Checking HPC-Compiler-Fuzzers/build/_deps/caliper-src/src/common/Log.cpp ...
Checking HPC-Compiler-Fuzzers/build/_deps/caliper-src/src/common/Log.cpp: _GLIBCXX_HAVE_STRERROR_R...
373/543 files checked 63% done
Checking HPC-Compiler-Fuzzers/build/_deps/caliper-src/src/common/NodeBuffer.cpp ...
374/543 files checked 63% done
Checking HPC-Compiler-Fuzzers/build/_deps/caliper-src/src/common/OutputStream.cpp ...
Checking HPC-Compiler-Fuzzers/build/_deps/caliper-src/src/common/OutputStream.cpp: _GLIBCXX_RELEASE;_WIN32...
375/543 files checked 64% done
Checking HPC-Compiler-Fuzzers/build/_deps/caliper-src/src/common/RuntimeConfig.cpp ...
376/543 files checked 64% done
Checking HPC-Compiler-Fuzzers/build/_deps/caliper-src/src/common/SnapshotBuffer.cpp ...
377/543 files checked 64% done
Checking HPC-Compiler-Fuzzers/build/_deps/caliper-src/src/common/SnapshotTextFormatter.cpp ...
378/543 files checked 64% done
Checking HPC-Compiler-Fuzzers/build/_deps/caliper-src/src/common/StringConverter.cpp ...
379/543 files checked 64% done
Checking HPC-Compiler-Fuzzers/build/_deps/caliper-src/src/common/Variant.cpp ...
380/543 files checked 65% done
Checking HPC-Compiler-Fuzzers/build/_deps/caliper-src/src/common/cali_types.c ...
381/543 files checked 65% done
Checking HPC-Compiler-Fuzzers/build/_deps/caliper-src/src/common/cali_variant.c ...
382/543 files checked 65% done
Checking HPC-Compiler-Fuzzers/build/_deps/caliper-src/src/common/test/test_c_variant.cpp ...
383/543 files checked 65% done
Checking HPC-Compiler-Fuzzers/build/_deps/caliper-src/src/common/test/test_compressedsnapshotrecord.cpp ...
384/543 files checked 66% done
Checking HPC-Compiler-Fuzzers/build/_deps/caliper-src/src/common/test/test_runtimeconfig.cpp ...
385/543 files checked 66% done
Checking HPC-Compiler-Fuzzers/build/_deps/caliper-src/src/common/test/test_snapshotbuffer.cpp ...
386/543 files checked 66% done
Checking HPC-Compiler-Fuzzers/build/_deps/caliper-src/src/common/test/test_snapshottextformatter.cpp ...
387/543 files checked 66% done
Checking HPC-Compiler-Fuzzers/build/_deps/caliper-src/src/common/test/test_stringconverter.cpp ...
388/543 files checked 66% done
Checking HPC-Compiler-Fuzzers/build/_deps/caliper-src/src/common/test/test_variant.cpp ...
389/543 files checked 67% done
Checking HPC-Compiler-Fuzzers/build/_deps/caliper-src/src/common/util/demangle.cpp ...
Checking HPC-Compiler-Fuzzers/build/_deps/caliper-src/src/common/util/demangle.cpp: _WIN32...
390/543 files checked 67% done
Checking HPC-Compiler-Fuzzers/build/_deps/caliper-src/src/common/util/file_util.cpp ...
Checking HPC-Compiler-Fuzzers/build/_deps/caliper-src/src/common/util/file_util.cpp: _WIN32...
391/543 files checked 67% done
Checking HPC-Compiler-Fuzzers/build/_deps/caliper-src/src/common/util/format_util.cpp ...
392/543 files checked 67% done
Checking HPC-Compiler-Fuzzers/build/_deps/caliper-src/src/common/util/parse_util.cpp ...
393/543 files checked 67% done
Checking HPC-Compiler-Fuzzers/build/_deps/caliper-src/src/common/util/unitfmt.c ...
394/543 files checked 67% done
Checking HPC-Compiler-Fuzzers/build/_deps/caliper-src/src/common/util/vlenc.c ...
395/543 files checked 67% done
Checking HPC-Compiler-Fuzzers/build/_deps/caliper-src/src/interface/c_fortran/BufferedRegionProfile.cpp ...
396/543 files checked 67% done
Checking HPC-Compiler-Fuzzers/build/_deps/caliper-src/src/interface/c_fortran/utilCaliper.cpp ...
397/543 files checked 67% done
Checking HPC-Compiler-Fuzzers/build/_deps/caliper-src/src/interface/c_fortran/wrapAnnotation.cpp ...
398/543 files checked 67% done
Checking HPC-Compiler-Fuzzers/build/_deps/caliper-src/src/interface/c_fortran/wrapBufferedRegionProfile.cpp ...
399/543 files checked 67% done
Checking HPC-Compiler-Fuzzers/build/_deps/caliper-src/src/interface/c_fortran/wrapConfigManager.cpp ...
400/543 files checked 67% done
Checking HPC-Compiler-Fuzzers/build/_deps/caliper-src/src/interface/c_fortran/wrapScopeAnnotation.cpp ...
401/543 files checked 67% done
Checking HPC-Compiler-Fuzzers/build/_deps/caliper-src/src/interface/python/annotation.cpp ...
402/543 files checked 67% done
Checking HPC-Compiler-Fuzzers/build/_deps/caliper-src/src/interface/python/config_manager.cpp ...
403/543 files checked 68% done
Checking HPC-Compiler-Fuzzers/build/_deps/caliper-src/src/interface/python/instrumentation.cpp ...
404/543 files checked 68% done
Checking HPC-Compiler-Fuzzers/build/_deps/caliper-src/src/interface/python/loop.cpp ...
405/543 files checked 68% done
Checking HPC-Compiler-Fuzzers/build/_deps/caliper-src/src/interface/python/mod.cpp ...
406/543 files checked 68% done
Checking HPC-Compiler-Fuzzers/build/_deps/caliper-src/src/reader/Aggregator.cpp ...
407/543 files checked 69% done
Checking HPC-Compiler-Fuzzers/build/_deps/caliper-src/src/reader/CalQLParser.cpp ...
408/543 files checked 70% done
Checking HPC-Compiler-Fuzzers/build/_deps/caliper-src/src/reader/CaliReader.cpp ...
409/543 files checked 70% done
Checking HPC-Compiler-Fuzzers/build/_deps/caliper-src/src/reader/CaliWriter.cpp ...
410/543 files checked 70% done
Checking HPC-Compiler-Fuzzers/build/_deps/caliper-src/src/reader/CaliperMetadataDB.cpp ...
411/543 files checked 71% done
Checking HPC-Compiler-Fuzzers/build/_deps/caliper-src/src/reader/Expand.cpp ...
412/543 files checked 71% done
Checking HPC-Compiler-Fuzzers/build/_deps/caliper-src/src/reader/FlatExclusiveRegionProfile.cpp ...
413/543 files checked 71% done
Checking HPC-Compiler-Fuzzers/build/_deps/caliper-src/src/reader/FlatInclusiveRegionProfile.cpp ...
414/543 files checked 71% done
Checking HPC-Compiler-Fuzzers/build/_deps/caliper-src/src/reader/FormatProcessor.cpp ...
415/543 files checked 71% done
Checking HPC-Compiler-Fuzzers/build/_deps/caliper-src/src/reader/JsonFormatter.cpp ...
416/543 files checked 72% done
Checking HPC-Compiler-Fuzzers/build/_deps/caliper-src/src/reader/JsonSplitFormatter.cpp ...
417/543 files checked 72% done
Checking HPC-Compiler-Fuzzers/build/_deps/caliper-src/src/reader/NestedExclusiveRegionProfile.cpp ...
418/543 files checked 72% done
Checking HPC-Compiler-Fuzzers/build/_deps/caliper-src/src/reader/NestedInclusiveRegionProfile.cpp ...
419/543 files checked 72% done
Checking HPC-Compiler-Fuzzers/build/_deps/caliper-src/src/reader/Preprocessor.cpp ...
420/543 files checked 73% done
Checking HPC-Compiler-Fuzzers/build/_deps/caliper-src/src/reader/QueryProcessor.cpp ...
421/543 files checked 73% done
Checking HPC-Compiler-Fuzzers/build/_deps/caliper-src/src/reader/QuerySpec.cpp ...
422/543 files checked 73% done
Checking HPC-Compiler-Fuzzers/build/_deps/caliper-src/src/reader/RecordSelector.cpp ...
423/543 files checked 73% done
Checking HPC-Compiler-Fuzzers/build/_deps/caliper-src/src/reader/SnapshotTableFormatter.cpp ...
424/543 files checked 73% done
Checking HPC-Compiler-Fuzzers/build/_deps/caliper-src/src/reader/SnapshotTree.cpp ...
425/543 files checked 73% done
Checking HPC-Compiler-Fuzzers/build/_deps/caliper-src/src/reader/TableFormatter.cpp ...
426/543 files checked 73% done
Checking HPC-Compiler-Fuzzers/build/_deps/caliper-src/src/reader/TreeFormatter.cpp ...
427/543 files checked 74% done
Checking HPC-Compiler-Fuzzers/build/_deps/caliper-src/src/reader/UserFormatter.cpp ...
428/543 files checked 74% done
Checking HPC-Compiler-Fuzzers/build/_deps/caliper-src/src/reader/test/test_aggregator.cpp ...
429/543 files checked 75% done
Checking HPC-Compiler-Fuzzers/build/_deps/caliper-src/src/reader/test/test_calireader.cpp ...
430/543 files checked 75% done
Checking HPC-Compiler-Fuzzers/build/_deps/caliper-src/src/reader/test/test_calqlparser.cpp ...
431/543 files checked 76% done
Checking HPC-Compiler-Fuzzers/build/_deps/caliper-src/src/reader/test/test_filter.cpp ...
432/543 files checked 76% done
Checking HPC-Compiler-Fuzzers/build/_deps/caliper-src/src/reader/test/test_flatexclusiveregionprofile.cpp ...
433/543 files checked 76% done
Checking HPC-Compiler-Fuzzers/build/_deps/caliper-src/src/reader/test/test_flatinclusiveregionprofile.cpp ...
434/543 files checked 76% done
Checking HPC-Compiler-Fuzzers/build/_deps/caliper-src/src/reader/test/test_metadb.cpp ...
435/543 files checked 76% done
Checking HPC-Compiler-Fuzzers/build/_deps/caliper-src/src/reader/test/test_nestedexclusiveregionprofile.cpp ...
436/543 files checked 77% done
Checking HPC-Compiler-Fuzzers/build/_deps/caliper-src/src/reader/test/test_nestedinclusiveregionprofile.cpp ...
437/543 files checked 77% done
Checking HPC-Compiler-Fuzzers/build/_deps/caliper-src/src/reader/test/test_nodebuffer.cpp ...
438/543 files checked 77% done
Checking HPC-Compiler-Fuzzers/build/_deps/caliper-src/src/reader/test/test_preprocessor.cpp ...
439/543 files checked 77% done
Checking HPC-Compiler-Fuzzers/build/_deps/caliper-src/src/reader/test/test_snapshottableformatter.cpp ...
440/543 files checked 77% done
Checking HPC-Compiler-Fuzzers/build/_deps/caliper-src/src/services/LoopStatistics.cpp ...
441/543 files checked 77% done
Checking HPC-Compiler-Fuzzers/build/_deps/caliper-src/src/services/Services.cpp ...
442/543 files checked 77% done
Checking HPC-Compiler-Fuzzers/build/_deps/caliper-src/src/services/adiak/AdiakExport.cpp ...
443/543 files checked 78% done
Checking HPC-Compiler-Fuzzers/build/_deps/caliper-src/src/services/adiak/AdiakImport.cpp ...
Checking HPC-Compiler-Fuzzers/build/_deps/caliper-src/src/services/adiak/AdiakImport.cpp: ADIAK_HAVE_LONGLONG...
444/543 files checked 78% done
Checking HPC-Compiler-Fuzzers/build/_deps/caliper-src/src/services/adiak/test/test_adiak.cpp ...
Checking HPC-Compiler-Fuzzers/build/_deps/caliper-src/src/services/adiak/test/test_adiak.cpp: ADIAK_HAVE_LONGLONG...
445/543 files checked 78% done
Checking HPC-Compiler-Fuzzers/build/_deps/caliper-src/src/services/aggregate/Aggregate.cpp ...
Checking HPC-Compiler-Fuzzers/build/_deps/caliper-src/src/services/aggregate/Aggregate.cpp: CALIPER_ENABLE_HISTOGRAMS...
446/543 files checked 78% done
Checking HPC-Compiler-Fuzzers/build/_deps/caliper-src/src/services/aggregate/AggregationDB.cpp ...
Checking HPC-Compiler-Fuzzers/build/_deps/caliper-src/src/services/aggregate/AggregationDB.cpp: CALIPER_ENABLE_HISTOGRAMS...
447/543 files checked 79% done
Checking HPC-Compiler-Fuzzers/build/_deps/caliper-src/src/services/alloc/AllocService.cpp ...
448/543 files checked 79% done
Checking HPC-Compiler-Fuzzers/build/_deps/caliper-src/src/services/callpath/Callpath.cpp ...
Checking HPC-Compiler-Fuzzers/build/_deps/caliper-src/src/services/callpath/Callpath.cpp: CALIPER_HAVE_LIBDW...
Checking HPC-Compiler-Fuzzers/build/_deps/caliper-src/src/services/callpath/Callpath.cpp: __aarch64__...
449/543 files checked 79% done
Checking HPC-Compiler-Fuzzers/build/_deps/caliper-src/src/services/cpuinfo/CpuInfo.cpp ...
Checking HPC-Compiler-Fuzzers/build/_deps/caliper-src/src/services/cpuinfo/CpuInfo.cpp: SYS_getcpu...
450/543 files checked 79% done
Checking HPC-Compiler-Fuzzers/build/_deps/caliper-src/src/services/craypat/CrayPAT.cpp ...
451/543 files checked 79% done
Checking HPC-Compiler-Fuzzers/build/_deps/caliper-src/src/services/cupti/Cupti.cpp ...
452/543 files checked 80% done
Checking HPC-Compiler-Fuzzers/build/_deps/caliper-src/src/services/cupti/CuptiEventSampling.cpp ...
453/543 files checked 80% done
Checking HPC-Compiler-Fuzzers/build/_deps/caliper-src/src/services/cupti/CuptiTrace.cpp ...
454/543 files checked 81% done
Checking HPC-Compiler-Fuzzers/build/_deps/caliper-src/src/services/debug/Debug.cpp ...
455/543 files checked 81% done
Checking HPC-Compiler-Fuzzers/build/_deps/caliper-src/src/services/env/EnvironmentInfo.cpp ...
Checking HPC-Compiler-Fuzzers/build/_deps/caliper-src/src/services/env/EnvironmentInfo.cpp: _WIN32...
456/543 files checked 82% done
Checking HPC-Compiler-Fuzzers/build/_deps/caliper-src/src/services/event/EventTrigger.cpp ...
457/543 files checked 82% done
Checking HPC-Compiler-Fuzzers/build/_deps/caliper-src/src/services/io/CurIOus/src/callbacks.c ...
458/543 files checked 82% done
Checking HPC-Compiler-Fuzzers/build/_deps/caliper-src/src/services/io/CurIOus/src/curious.c ...
459/543 files checked 82% done
Checking HPC-Compiler-Fuzzers/build/_deps/caliper-src/src/services/io/CurIOus/src/dynamic_array.c ...
460/543 files checked 82% done
Checking HPC-Compiler-Fuzzers/build/_deps/caliper-src/src/services/io/CurIOus/src/file_registry.c ...
461/543 files checked 82% done
Checking HPC-Compiler-Fuzzers/build/_deps/caliper-src/src/services/io/CurIOus/src/mount_tree.c ...
462/543 files checked 83% done
Checking HPC-Compiler-Fuzzers/build/_deps/caliper-src/src/services/io/CurIOus/src/wrappers.c ...
Checking HPC-Compiler-Fuzzers/build/_deps/caliper-src/src/services/io/CurIOus/src/wrappers.c: _Thread_local...
463/543 files checked 84% done
Checking HPC-Compiler-Fuzzers/build/_deps/caliper-src/src/services/io/IOService.cpp ...
464/543 files checked 84% done
Checking HPC-Compiler-Fuzzers/build/_deps/caliper-src/src/services/kokkos/KokkosLookup.cpp ...
465/543 files checked 85% done
Checking HPC-Compiler-Fuzzers/build/_deps/caliper-src/src/services/kokkos/KokkosProfilingSymbols.cpp ...
466/543 files checked 85% done
Checking HPC-Compiler-Fuzzers/build/_deps/caliper-src/src/services/kokkos/KokkosTime.cpp ...
467/543 files checked 85% done
Checking HPC-Compiler-Fuzzers/build/_deps/caliper-src/src/services/ldms/LdmsForwarder.cpp ...
468/543 files checked 85% done
Checking HPC-Compiler-Fuzzers/build/_deps/caliper-src/src/services/libpfm/Libpfm.cpp ...
469/543 files checked 86% done
Checking HPC-Compiler-Fuzzers/build/_deps/caliper-src/src/services/libpfm/perf_postprocessing.cpp ...
470/543 files checked 86% done
Checking HPC-Compiler-Fuzzers/build/_deps/caliper-src/src/services/libpfm/perf_util.c ...
471/543 files checked 87% done
Checking HPC-Compiler-Fuzzers/build/_deps/caliper-src/src/services/memusage/MemStatService.cpp ...
472/543 files checked 87% done
Checking HPC-Compiler-Fuzzers/build/_deps/caliper-src/src/services/monitor/LoopMonitor.cpp ...
473/543 files checked 87% done
Checking HPC-Compiler-Fuzzers/build/_deps/caliper-src/src/services/monitor/RegionMonitor.cpp ...
474/543 files checked 87% done
Checking HPC-Compiler-Fuzzers/build/_deps/caliper-src/src/services/monitor/ThreadMonitor.cpp ...
475/543 files checked 87% done
Checking HPC-Compiler-Fuzzers/build/_deps/caliper-src/src/services/monitor/Timeseries.cpp ...
476/543 files checked 88% done
Checking HPC-Compiler-Fuzzers/build/_deps/caliper-src/src/services/mpireport/MpiReport.cpp ...
477/543 files checked 88% done
Checking HPC-Compiler-Fuzzers/build/_deps/caliper-src/src/services/mpit/MpitServiceMPI.cpp ...
478/543 files checked 89% done
Checking HPC-Compiler-Fuzzers/build/_deps/caliper-src/src/services/mpiwrap/MpiPattern.cpp ...
479/543 files checked 89% done
Checking HPC-Compiler-Fuzzers/build/_deps/caliper-src/src/services/mpiwrap/MpiTracing.cpp ...
480/543 files checked 89% done
Checking HPC-Compiler-Fuzzers/build/_deps/caliper-src/src/services/mpiwrap/MpiWrap.cpp ...
481/543 files checked 89% done
Checking HPC-Compiler-Fuzzers/build/_deps/caliper-src/src/services/nvtx/Nvtx.cpp ...
482/543 files checked 90% done
Checking HPC-Compiler-Fuzzers/build/_deps/caliper-src/src/services/ompt/OmptService.cpp ...
483/543 files checked 90% done
Checking HPC-Compiler-Fuzzers/build/_deps/caliper-src/src/services/papi/Papi.cpp ...
484/543 files checked 90% done
Checking HPC-Compiler-Fuzzers/build/_deps/caliper-src/src/services/pcp/Pcp.cpp ...
485/543 files checked 91% done
Checking HPC-Compiler-Fuzzers/build/_deps/caliper-src/src/services/pcp/PcpMemory.cpp ...
486/543 files checked 91% done
Checking HPC-Compiler-Fuzzers/build/_deps/caliper-src/src/services/pthread/PthreadService.cpp ...
487/543 files checked 91% done
Checking HPC-Compiler-Fuzzers/build/_deps/caliper-src/src/services/recorder/Recorder.cpp ...
488/543 files checked 91% done
Checking HPC-Compiler-Fuzzers/build/_deps/caliper-src/src/services/report/Report.cpp ...
489/543 files checked 91% done
Checking HPC-Compiler-Fuzzers/build/_deps/caliper-src/src/services/rocprofiler/RocProfiler.cpp ...
490/543 files checked 92% done
Checking HPC-Compiler-Fuzzers/build/_deps/caliper-src/src/services/rocprofiler/RocTX.cpp ...
491/543 files checked 92% done
Checking HPC-Compiler-Fuzzers/build/_deps/caliper-src/src/services/roctracer/RocTracer.cpp ...
492/543 files checked 92% done
Checking HPC-Compiler-Fuzzers/build/_deps/caliper-src/src/services/roctx/RocTX.cpp ...
493/543 files checked 92% done
Checking HPC-Compiler-Fuzzers/build/_deps/caliper-src/src/services/sampler/Sampler.cpp ...
Checking HPC-Compiler-Fuzzers/build/_deps/caliper-src/src/services/sampler/Sampler.cpp: CALIPER_HAVE_LIBUNWIND...
Checking HPC-Compiler-Fuzzers/build/_deps/caliper-src/src/services/sampler/Sampler.cpp: CALI_SAMPLER_GET_PC...
494/543 files checked 93% done
Checking HPC-Compiler-Fuzzers/build/_deps/caliper-src/src/services/statistics/Statistics.cpp ...
495/543 files checked 93% done
Checking HPC-Compiler-Fuzzers/build/_deps/caliper-src/src/services/symbollookup/LookupLibdw.cpp ...
496/543 files checked 93% done
Checking HPC-Compiler-Fuzzers/build/_deps/caliper-src/src/services/symbollookup/SymbolLookup.cpp ...
497/543 files checked 93% done
Checking HPC-Compiler-Fuzzers/build/_deps/caliper-src/src/services/sysalloc/SysAllocService.cpp ...
498/543 files checked 93% done
Checking HPC-Compiler-Fuzzers/build/_deps/caliper-src/src/services/tau/tau.cpp ...
499/543 files checked 93% done
Checking HPC-Compiler-Fuzzers/build/_deps/caliper-src/src/services/templates/MeasurementService.cpp ...
500/543 files checked 94% done
Checking HPC-Compiler-Fuzzers/build/_deps/caliper-src/src/services/textlog/TextLog.cpp ...
501/543 files checked 94% done
Checking HPC-Compiler-Fuzzers/build/_deps/caliper-src/src/services/timer/Timer.cpp ...
502/543 files checked 94% done
Checking HPC-Compiler-Fuzzers/build/_deps/caliper-src/src/services/topdown/HaswellTopdown.cpp ...
503/543 files checked 94% done
Checking HPC-Compiler-Fuzzers/build/_deps/caliper-src/src/services/topdown/IntelTopdown.cpp ...
Checking HPC-Compiler-Fuzzers/build/_deps/caliper-src/src/services/topdown/IntelTopdown.cpp: CALIPER_HAVE_ARCH...
504/543 files checked 95% done
Checking HPC-Compiler-Fuzzers/build/_deps/caliper-src/src/services/topdown/SapphireRapidsTopdown_rdpmc.cpp ...
505/543 files checked 95% done
Checking HPC-Compiler-Fuzzers/build/_deps/caliper-src/src/services/topdown/SapphireRapidsTopdown_read.cpp ...
506/543 files checked 95% done
Checking HPC-Compiler-Fuzzers/build/_deps/caliper-src/src/services/topdown/TopdownCalculator.cpp ...
507/543 files checked 95% done
Checking HPC-Compiler-Fuzzers/build/_deps/caliper-src/src/services/trace/Trace.cpp ...
508/543 files checked 96% done
Checking HPC-Compiler-Fuzzers/build/_deps/caliper-src/src/services/trace/TraceBufferChunk.cpp ...
509/543 files checked 96% done
Checking HPC-Compiler-Fuzzers/build/_deps/caliper-src/src/services/umpire/UmpireStatistics.cpp ...
510/543 files checked 96% done
Checking HPC-Compiler-Fuzzers/build/_deps/caliper-src/src/services/validator/validator.cpp ...
511/543 files checked 96% done
Checking HPC-Compiler-Fuzzers/build/_deps/caliper-src/src/services/variorum/Variorum.cpp ...
512/543 files checked 96% done
Checking HPC-Compiler-Fuzzers/build/_deps/caliper-src/src/services/vtune/VTuneBindings.cpp ...
513/543 files checked 97% done
Checking HPC-Compiler-Fuzzers/build/_deps/caliper-src/src/tools/cali-query/AttributeExtract.cpp ...
514/543 files checked 97% done
Checking HPC-Compiler-Fuzzers/build/_deps/caliper-src/src/tools/cali-query/cali-query.cpp ...
Checking HPC-Compiler-Fuzzers/build/_deps/caliper-src/src/tools/cali-query/cali-query.cpp: __GNUC__...
515/543 files checked 97% done
Checking HPC-Compiler-Fuzzers/build/_deps/caliper-src/src/tools/cali-query/query_common.cpp ...
516/543 files checked 97% done
Checking HPC-Compiler-Fuzzers/build/_deps/caliper-src/src/tools/cali-stat/cali-stat.cpp ...
517/543 files checked 98% done
Checking HPC-Compiler-Fuzzers/build/_deps/caliper-src/src/tools/mpi-caliquery/mpi-caliquery.cpp ...
518/543 files checked 98% done
Checking HPC-Compiler-Fuzzers/build/_deps/caliper-src/src/tools/util/Args.cpp ...
519/543 files checked 98% done
Checking HPC-Compiler-Fuzzers/build/_deps/caliper-src/test/cali-annotation-perftest.cpp ...
Checking HPC-Compiler-Fuzzers/build/_deps/caliper-src/test/cali-annotation-perftest.cpp: CALIPER_HAVE_ADIAK...
Checking HPC-Compiler-Fuzzers/build/_deps/caliper-src/test/cali-annotation-perftest.cpp: _OPENMP...
520/543 files checked 98% done
Checking HPC-Compiler-Fuzzers/build/_deps/caliper-src/test/cali-flush-perftest.cpp ...
Checking HPC-Compiler-Fuzzers/build/_deps/caliper-src/test/cali-flush-perftest.cpp: _OPENMP...
521/543 files checked 98% done
Checking HPC-Compiler-Fuzzers/build/_deps/caliper-src/test/cali-functional-debugging.cpp ...
522/543 files checked 98% done
Checking HPC-Compiler-Fuzzers/build/_deps/caliper-src/test/cali-test.cpp ...
523/543 files checked 99% done
Checking HPC-Compiler-Fuzzers/build/_deps/caliper-src/test/cali-wrap.cpp ...
524/543 files checked 99% done
Checking HPC-Compiler-Fuzzers/build/_deps/caliper-src/test/ci_app_tests/ci_test_aggregate.cpp ...
525/543 files checked 99% done
Checking HPC-Compiler-Fuzzers/build/_deps/caliper-src/test/ci_app_tests/ci_test_alloc.c ...
526/543 files checked 99% done
Checking HPC-Compiler-Fuzzers/build/_deps/caliper-src/test/ci_app_tests/ci_test_alloc_hooks.c ...
527/543 files checked 99% done
Checking HPC-Compiler-Fuzzers/build/_deps/caliper-src/test/ci_app_tests/ci_test_basic.cpp ...
528/543 files checked 99% done
Checking HPC-Compiler-Fuzzers/build/_deps/caliper-src/test/ci_app_tests/ci_test_binding.cpp ...
529/543 files checked 99% done
Checking HPC-Compiler-Fuzzers/build/_deps/caliper-src/test/ci_app_tests/ci_test_c_ann.c ...
530/543 files checked 99% done
Checking HPC-Compiler-Fuzzers/build/_deps/caliper-src/test/ci_app_tests/ci_test_c_snapshot.c ...
531/543 files checked 99% done
Checking HPC-Compiler-Fuzzers/build/_deps/caliper-src/test/ci_app_tests/ci_test_cali_before_mpi.cpp ...
532/543 files checked 99% done
Checking HPC-Compiler-Fuzzers/build/_deps/caliper-src/test/ci_app_tests/ci_test_channel_api.c ...
533/543 files checked 99% done
Checking HPC-Compiler-Fuzzers/build/_deps/caliper-src/test/ci_app_tests/ci_test_collective_output_channel.cpp ...
534/543 files checked 99% done
Checking HPC-Compiler-Fuzzers/build/_deps/caliper-src/test/ci_app_tests/ci_test_io.cpp ...
535/543 files checked 99% done
Checking HPC-Compiler-Fuzzers/build/_deps/caliper-src/test/ci_app_tests/ci_test_macros.cpp ...
536/543 files checked 99% done
Checking HPC-Compiler-Fuzzers/build/_deps/caliper-src/test/ci_app_tests/ci_test_mpi_before_cali.cpp ...
537/543 files checked 99% done
Checking HPC-Compiler-Fuzzers/build/_deps/caliper-src/test/ci_app_tests/ci_test_mpi_channel_manager.cpp ...
538/543 files checked 99% done
Checking HPC-Compiler-Fuzzers/build/_deps/caliper-src/test/ci_app_tests/ci_test_nesting.cpp ...
539/543 files checked 99% done
Checking HPC-Compiler-Fuzzers/build/_deps/caliper-src/test/ci_app_tests/ci_test_openmp.cpp ...
540/543 files checked 99% done
Checking HPC-Compiler-Fuzzers/build/_deps/caliper-src/test/ci_app_tests/ci_test_thread.cpp ...
541/543 files checked 99% done
Checking HPC-Compiler-Fuzzers/misc/TemplateDemo.cpp ...
542/543 files checked 99% done
Checking HPC-Compiler-Fuzzers/misc/test_acpp_version_bug.cpp ...
543/543 files checked 100% done
--- STDERR ---
HPC-Compiler-Fuzzers/AdaptiveCppFuzzers/fuzz_sync_elision/target_a/allAreSucceedingInBB.cpp:0:0: information: Limiting analysis of branches. Use --check-level=exhaustive to analyze all branches. [normalCheckLevelMaxBranches]

^
HPC-Compiler-Fuzzers/AdaptiveCppFuzzers/fuzz_sync_elision/target_a/fuzzer_a.cpp:0:0: information: Limiting analysis of branches. Use --check-level=exhaustive to analyze all branches. [normalCheckLevelMaxBranches]

^
HPC-Compiler-Fuzzers/AdaptiveCppFuzzers/fuzz_sync_elision/target_a/fuzzer_a.cpp:73:17: error: Uninitialized variable: from [legacyUninitvar]
            if(!from) {from = &*F.begin()->begin();}
                ^
HPC-Compiler-Fuzzers/AdaptiveCppFuzzers/fuzz_sync_elision/target_b/fuzzer_a.cpp:0:0: information: Limiting analysis of branches. Use --check-level=exhaustive to analyze all branches. [normalCheckLevelMaxBranches]

^
HPC-Compiler-Fuzzers/AdaptiveCppFuzzers/fuzz_sync_elision/target_b/fuzzer_b.cpp:0:0: information: Limiting analysis of branches. Use --check-level=exhaustive to analyze all branches. [normalCheckLevelMaxBranches]

^
HPC-Compiler-Fuzzers/AdaptiveCppFuzzers/fuzz_sync_elision/target_b/identifyStoresPotentiallyForStdparArgHandling.cpp:0:0: information: Limiting analysis of branches. Use --check-level=exhaustive to analyze all branches. [normalCheckLevelMaxBranches]

^
HPC-Compiler-Fuzzers/AdaptiveCppFuzzers/fuzz_target_separation_pass/target_a/fuzzer.cpp:18:5: performance: Variable 'Start' is assigned in constructor body. Consider performing initialization in initialization list. [useInitializationList]
    Start = std::chrono::high_resolution_clock::now();;
    ^
HPC-Compiler-Fuzzers/ArgobotsFuzzers/fuzz_stream/target_a/fuzzer.cpp:19:5: error: Uninitialized variable: p_local_xstream [legacyUninitvar]
    ABTI_SETUP_LOCAL_XSTREAM(&p_local_xstream);
    ^
HPC-Compiler-Fuzzers/ArgobotsFuzzers/fuzz_stream/target_b/fuzzer.cpp:54:5: error: Uninitialized variable: p_local_xstream [legacyUninitvar]
    ABTI_SETUP_LOCAL_XSTREAM(&p_local_xstream);
    ^
HPC-Compiler-Fuzzers/CaliperFuzzers/fuzz_config_manager/target_b/fuzzer.cpp:7:106: performance: Function parameter 'v' should be passed by const reference. [passedByValue]
std::string find_or(const std::map<std::string, std::string>& m, const std::string& k, const std::string v = "")
                                                                                                         ^
HPC-Compiler-Fuzzers/build/_deps/adaptivecpp-src/src/compiler/cbs/AllocaSSA.cpp:0:0: information: Limiting analysis of branches. Use --check-level=exhaustive to analyze all branches. [normalCheckLevelMaxBranches]

^
HPC-Compiler-Fuzzers/build/_deps/adaptivecpp-src/src/compiler/cbs/CanonicalizeBarriers.cpp:0:0: information: Limiting analysis of branches. Use --check-level=exhaustive to analyze all branches. [normalCheckLevelMaxBranches]

^
HPC-Compiler-Fuzzers/build/_deps/adaptivecpp-src/src/compiler/cbs/IRUtils.cpp:179:9: error: There is an unknown macro here somewhere. Configuration is required. If HIPSYCL_DEBUG_EXECUTE_WARNING is a macro then please configure it. [unknownMacro]
        HIPSYCL_DEBUG_EXECUTE_WARNING(llvm::outs()
        ^
HPC-Compiler-Fuzzers/build/_deps/adaptivecpp-src/src/compiler/cbs/LoopSplitterInlining.cpp:0:0: information: Limiting analysis of branches. Use --check-level=exhaustive to analyze all branches. [normalCheckLevelMaxBranches]

^
HPC-Compiler-Fuzzers/build/_deps/adaptivecpp-src/src/compiler/cbs/LoopsParallelMarker.cpp:49:7: error: There is an unknown macro here somewhere. Configuration is required. If HIPSYCL_DEBUG_EXECUTE_WARNING is a macro then please configure it. [unknownMacro]
      HIPSYCL_DEBUG_EXECUTE_WARNING(
      ^
HPC-Compiler-Fuzzers/build/_deps/adaptivecpp-src/src/compiler/cbs/PHIsToAllocas.cpp:86:5: error: There is an unknown macro here somewhere. Configuration is required. If HIPSYCL_DEBUG_EXECUTE_INFO is a macro then please configure it. [unknownMacro]
    HIPSYCL_DEBUG_EXECUTE_INFO(I->print(llvm::outs()); llvm::outs() << "\n";)
    ^
HPC-Compiler-Fuzzers/build/_deps/adaptivecpp-src/src/compiler/cbs/RemoveBarrierCalls.cpp:83:5: error: There is an unknown macro here somewhere. Configuration is required. If HIPSYCL_DEBUG_EXECUTE_INFO is a macro then please configure it. [unknownMacro]
    HIPSYCL_DEBUG_EXECUTE_INFO(B->print(llvm::outs());
    ^
HPC-Compiler-Fuzzers/build/_deps/adaptivecpp-src/src/compiler/cbs/SubCfgFormation.cpp:498:3: error: There is an unknown macro here somewhere. Configuration is required. If HIPSYCL_DEBUG_EXECUTE_INFO is a macro then please configure it. [unknownMacro]
  HIPSYCL_DEBUG_EXECUTE_INFO(for (auto *BB
  ^
HPC-Compiler-Fuzzers/build/_deps/adaptivecpp-src/src/compiler/cbs/UniformityAnalysis.cpp:0:0: information: Limiting analysis of branches. Use --check-level=exhaustive to analyze all branches. [normalCheckLevelMaxBranches]

^
HPC-Compiler-Fuzzers/build/_deps/adaptivecpp-src/src/compiler/cbs/VectorShapeTransformer.cpp:203:9: error: syntax error [syntaxError]
        if IS_OPAQUE (subT)
        ^
HPC-Compiler-Fuzzers/build/_deps/adaptivecpp-src/src/compiler/cbs/VectorShapeTransformer.cpp:65:5: error: syntax error [syntaxError]
    if IS_OPAQUE (PtrTy)
    ^
HPC-Compiler-Fuzzers/build/_deps/adaptivecpp-src/src/compiler/llvm-to-backend/DeadArgumentEliminationPass.cpp:0:0: information: Limiting analysis of branches. Use --check-level=exhaustive to analyze all branches. [normalCheckLevelMaxBranches]

^
HPC-Compiler-Fuzzers/build/_deps/adaptivecpp-src/src/compiler/llvm-to-backend/LLVMToBackend.cpp:0:0: information: Limiting analysis of branches. Use --check-level=exhaustive to analyze all branches. [normalCheckLevelMaxBranches]

^
HPC-Compiler-Fuzzers/build/_deps/adaptivecpp-src/src/compiler/llvm-to-backend/amdgpu/LLVMToAmdgpu.cpp:0:0: information: Limiting analysis of branches. Use --check-level=exhaustive to analyze all branches. [normalCheckLevelMaxBranches]

^
HPC-Compiler-Fuzzers/build/_deps/adaptivecpp-src/src/compiler/llvm-to-backend/amdgpu/LLVMToAmdgpu.cpp:191:12: performance: Inefficient usage of string::find() in condition; string::starts_with() could be faster. [stlIfStrFind]
        if(CurrentComponent.find('\"') == 0)
           ^
HPC-Compiler-Fuzzers/build/_deps/adaptivecpp-src/src/compiler/llvm-to-backend/amdgpu/LLVMToAmdgpu.cpp:194:30: performance: Ineffective call of function 'substr' because a prefix of the string is assigned to itself. Use resize() or pop_back() instead. [uselessCallsSubstr]
          CurrentComponent = CurrentComponent.substr(0, CurrentComponent.size() - 1);
                             ^
HPC-Compiler-Fuzzers/build/_deps/adaptivecpp-src/src/compiler/llvm-to-backend/host/HostKernelWrapperPass.cpp:143:5: error: syntax error [syntaxError]
    if IS_OPAQUE(ArgArray->getType()) {
    ^
HPC-Compiler-Fuzzers/build/_deps/adaptivecpp-src/src/compiler/llvm-to-backend/ptx/LLVMToPtx.cpp:0:0: information: Limiting analysis of branches. Use --check-level=exhaustive to analyze all branches. [normalCheckLevelMaxBranches]

^
HPC-Compiler-Fuzzers/build/_deps/adaptivecpp-src/src/compiler/llvm-to-backend/spirv/LLVMToSpirv.cpp:0:0: information: Limiting analysis of branches. Use --check-level=exhaustive to analyze all branches. [normalCheckLevelMaxBranches]

^
HPC-Compiler-Fuzzers/build/_deps/adaptivecpp-src/src/compiler/reflection/FunctionNameExtractionPass.cpp:0:0: information: Limiting analysis of branches. Use --check-level=exhaustive to analyze all branches. [normalCheckLevelMaxBranches]

^
HPC-Compiler-Fuzzers/build/_deps/adaptivecpp-src/src/compiler/sscp/KernelOutliningPass.cpp:0:0: information: Limiting analysis of branches. Use --check-level=exhaustive to analyze all branches. [normalCheckLevelMaxBranches]

^
HPC-Compiler-Fuzzers/build/_deps/adaptivecpp-src/src/compiler/sscp/StdAtomicRemapperPass.cpp:0:0: information: Limiting analysis of branches. Use --check-level=exhaustive to analyze all branches. [normalCheckLevelMaxBranches]

^
HPC-Compiler-Fuzzers/build/_deps/adaptivecpp-src/src/compiler/sscp/StdBuiltinRemapperPass.cpp:0:0: information: Limiting analysis of branches. Use --check-level=exhaustive to analyze all branches. [normalCheckLevelMaxBranches]

^
HPC-Compiler-Fuzzers/build/_deps/adaptivecpp-src/src/compiler/sscp/TargetSeparationPass.cpp:54:5: performance: Variable 'Start' is assigned in constructor body. Consider performing initialization in initialization list. [useInitializationList]
    Start = std::chrono::high_resolution_clock::now();;
    ^
HPC-Compiler-Fuzzers/build/_deps/adaptivecpp-src/src/compiler/stdpar/SyncElision.cpp:0:0: information: Limiting analysis of branches. Use --check-level=exhaustive to analyze all branches. [normalCheckLevelMaxBranches]

^
HPC-Compiler-Fuzzers/build/_deps/adaptivecpp-src/src/runtime/adaptivity_engine.cpp:0:0: information: Limiting analysis of branches. Use --check-level=exhaustive to analyze all branches. [normalCheckLevelMaxBranches]

^
HPC-Compiler-Fuzzers/build/_deps/adaptivecpp-src/src/runtime/backend_loader.cpp:0:0: information: Limiting analysis of branches. Use --check-level=exhaustive to analyze all branches. [normalCheckLevelMaxBranches]

^
HPC-Compiler-Fuzzers/build/_deps/adaptivecpp-src/src/runtime/dag_builder.cpp:0:0: information: Limiting analysis of branches. Use --check-level=exhaustive to analyze all branches. [normalCheckLevelMaxBranches]

^
HPC-Compiler-Fuzzers/build/_deps/adaptivecpp-src/src/runtime/kernel_configuration.cpp:20:5: performance: Variable '_options' is assigned in constructor body. Consider performing initialization in initialization list. [useInitializationList]
    _options =  {
    ^
HPC-Compiler-Fuzzers/build/_deps/adaptivecpp-src/src/runtime/kernel_configuration.cpp:33:5: performance: Variable '_flags' is assigned in constructor body. Consider performing initialization in initialization list. [useInitializationList]
    _flags = {
    ^
HPC-Compiler-Fuzzers/build/_deps/adaptivecpp-src/src/runtime/ocl/ocl_hardware_manager.cpp:0:0: information: Limiting analysis of branches. Use --check-level=exhaustive to analyze all branches. [normalCheckLevelMaxBranches]

^
HPC-Compiler-Fuzzers/build/_deps/adaptivecpp-src/src/runtime/ocl/ocl_queue.cpp:0:0: information: Limiting analysis of branches. Use --check-level=exhaustive to analyze all branches. [normalCheckLevelMaxBranches]

^
HPC-Compiler-Fuzzers/build/_deps/adaptivecpp-src/src/runtime/ocl/ocl_usm.cpp:0:0: information: Limiting analysis of branches. Use --check-level=exhaustive to analyze all branches. [normalCheckLevelMaxBranches]

^
HPC-Compiler-Fuzzers/build/_deps/adaptivecpp-src/src/runtime/settings.cpp:0:0: information: Limiting analysis of branches. Use --check-level=exhaustive to analyze all branches. [normalCheckLevelMaxBranches]

^
HPC-Compiler-Fuzzers/build/_deps/adaptivecpp-src/src/runtime/ze/ze_queue.cpp:0:0: information: Limiting analysis of branches. Use --check-level=exhaustive to analyze all branches. [normalCheckLevelMaxBranches]

^
HPC-Compiler-Fuzzers/build/_deps/adaptivecpp-src/src/tools/acpp-hcf-tool/acpp-hcf-tool.cpp:0:0: information: Limiting analysis of branches. Use --check-level=exhaustive to analyze all branches. [normalCheckLevelMaxBranches]

^
HPC-Compiler-Fuzzers/build/_deps/adaptivecpp-src/tests/compiler/cbs/reduce_unrolled.cpp:0:0: information: Limiting analysis of branches. Use --check-level=exhaustive to analyze all branches. [normalCheckLevelMaxBranches]

^
HPC-Compiler-Fuzzers/build/_deps/adaptivecpp-src/tests/device_compilation_tests.cpp:29:1: error: There is an unknown macro here somewhere. Configuration is required. If BOOST_FIXTURE_TEST_SUITE is a macro then please configure it. [unknownMacro]
BOOST_FIXTURE_TEST_SUITE(device_compilation_test_suite, reset_device_fixture)
^
HPC-Compiler-Fuzzers/build/_deps/adaptivecpp-src/tests/pstl/pstl_test_suite.hpp:46:37: error: syntax error [syntaxError]
    __acpp_if_target_host(++counter;)
                                    ^
HPC-Compiler-Fuzzers/build/_deps/adaptivecpp-src/tests/runtime/dag_builder.cpp:23:1: error: There is an unknown macro here somewhere. Configuration is required. If BOOST_FIXTURE_TEST_SUITE is a macro then please configure it. [unknownMacro]
BOOST_FIXTURE_TEST_SUITE(dag_builder, reset_device_fixture)
^
HPC-Compiler-Fuzzers/build/_deps/adaptivecpp-src/tests/runtime/data.cpp:22:1: error: There is an unknown macro here somewhere. Configuration is required. If BOOST_FIXTURE_TEST_SUITE is a macro then please configure it. [unknownMacro]
BOOST_FIXTURE_TEST_SUITE(data, reset_device_fixture)
^
HPC-Compiler-Fuzzers/build/_deps/adaptivecpp-src/tests/runtime/device_manager.cpp:69:1: error: There is an unknown macro here somewhere. Configuration is required. If BOOST_FIXTURE_TEST_SUITE is a macro then please configure it. [unknownMacro]
BOOST_FIXTURE_TEST_SUITE(device_manager, reset_device_fixture)
^
HPC-Compiler-Fuzzers/build/_deps/adaptivecpp-src/tests/sycl/accessor.cpp:23:1: error: There is an unknown macro here somewhere. Configuration is required. If BOOST_FIXTURE_TEST_SUITE is a macro then please configure it. [unknownMacro]
BOOST_FIXTURE_TEST_SUITE(accessor_tests, reset_device_fixture)
^
HPC-Compiler-Fuzzers/build/_deps/adaptivecpp-src/tests/sycl/atomic.cpp:19:1: error: There is an unknown macro here somewhere. Configuration is required. If BOOST_FIXTURE_TEST_SUITE is a macro then please configure it. [unknownMacro]
BOOST_FIXTURE_TEST_SUITE(atomic_tests, reset_device_fixture)
^
HPC-Compiler-Fuzzers/build/_deps/adaptivecpp-src/tests/sycl/buffer.cpp:17:1: error: There is an unknown macro here somewhere. Configuration is required. If BOOST_FIXTURE_TEST_SUITE is a macro then please configure it. [unknownMacro]
BOOST_FIXTURE_TEST_SUITE(buffer_tests, reset_device_fixture)
^
HPC-Compiler-Fuzzers/build/_deps/adaptivecpp-src/tests/sycl/explicit_copy.cpp:0:0: information: Limiting analysis of branches. Use --check-level=exhaustive to analyze all branches. [normalCheckLevelMaxBranches]

^
HPC-Compiler-Fuzzers/build/_deps/adaptivecpp-src/tests/sycl/extensions.cpp:549:66: error: syntax error [syntaxError]
    group_size = __acpp_lsize_x * __acpp_lsize_y * __acpp_lsize_z;
                                                                 ^
HPC-Compiler-Fuzzers/build/_deps/adaptivecpp-src/tests/sycl/fill.cpp:73:1: error: There is an unknown macro here somewhere. Configuration is required. If BOOST_FIXTURE_TEST_SUITE is a macro then please configure it. [unknownMacro]
BOOST_FIXTURE_TEST_SUITE(fill_tests, reset_device_fixture)
^
HPC-Compiler-Fuzzers/build/_deps/adaptivecpp-src/tests/sycl/group_functions/group_functions_binary_reduce.cpp:21:1: error: There is an unknown macro here somewhere. Configuration is required. If BOOST_FIXTURE_TEST_SUITE is a macro then please configure it. [unknownMacro]
BOOST_FIXTURE_TEST_SUITE(group_functions_tests, reset_device_fixture)
^
HPC-Compiler-Fuzzers/build/_deps/adaptivecpp-src/tests/sycl/group_functions/group_functions_misc.cpp:17:1: error: There is an unknown macro here somewhere. Configuration is required. If BOOST_FIXTURE_TEST_SUITE is a macro then please configure it. [unknownMacro]
BOOST_FIXTURE_TEST_SUITE(group_functions_tests, reset_device_fixture)
^
HPC-Compiler-Fuzzers/build/_deps/adaptivecpp-src/tests/sycl/group_functions/group_functions_reduce.cpp:17:1: error: There is an unknown macro here somewhere. Configuration is required. If BOOST_FIXTURE_TEST_SUITE is a macro then please configure it. [unknownMacro]
BOOST_FIXTURE_TEST_SUITE(group_functions_tests, reset_device_fixture)
^
HPC-Compiler-Fuzzers/build/_deps/adaptivecpp-src/tests/sycl/group_functions/group_functions_scan.cpp:17:1: error: There is an unknown macro here somewhere. Configuration is required. If BOOST_FIXTURE_TEST_SUITE is a macro then please configure it. [unknownMacro]
BOOST_FIXTURE_TEST_SUITE(group_functions_tests, reset_device_fixture)
^
HPC-Compiler-Fuzzers/build/_deps/adaptivecpp-src/tests/sycl/half.cpp:16:1: error: There is an unknown macro here somewhere. Configuration is required. If BOOST_FIXTURE_TEST_SUITE is a macro then please configure it. [unknownMacro]
BOOST_FIXTURE_TEST_SUITE(half_tests, reset_device_fixture)
^
HPC-Compiler-Fuzzers/build/_deps/adaptivecpp-src/tests/sycl/id_range.cpp:16:1: error: There is an unknown macro here somewhere. Configuration is required. If BOOST_FIXTURE_TEST_SUITE is a macro then please configure it. [unknownMacro]
BOOST_FIXTURE_TEST_SUITE(id_range_tests, reset_device_fixture)
^
HPC-Compiler-Fuzzers/build/_deps/adaptivecpp-src/tests/sycl/info_queries.cpp:16:1: error: There is an unknown macro here somewhere. Configuration is required. If BOOST_FIXTURE_TEST_SUITE is a macro then please configure it. [unknownMacro]
BOOST_FIXTURE_TEST_SUITE(info_queries, reset_device_fixture)
^
HPC-Compiler-Fuzzers/build/_deps/adaptivecpp-src/tests/sycl/interop_handle.cpp:16:1: error: There is an unknown macro here somewhere. Configuration is required. If BOOST_FIXTURE_TEST_SUITE is a macro then please configure it. [unknownMacro]
BOOST_FIXTURE_TEST_SUITE(interop_handle_tests, reset_device_fixture)
^
HPC-Compiler-Fuzzers/build/_deps/adaptivecpp-src/tests/sycl/item.cpp:15:1: error: There is an unknown macro here somewhere. Configuration is required. If BOOST_FIXTURE_TEST_SUITE is a macro then please configure it. [unknownMacro]
BOOST_FIXTURE_TEST_SUITE(item_tests, reset_device_fixture)
^
HPC-Compiler-Fuzzers/build/_deps/adaptivecpp-src/tests/sycl/kernel_invocation.cpp:14:1: error: There is an unknown macro here somewhere. Configuration is required. If BOOST_FIXTURE_TEST_SUITE is a macro then please configure it. [unknownMacro]
BOOST_FIXTURE_TEST_SUITE(kernel_invocation_tests, reset_device_fixture)
^
HPC-Compiler-Fuzzers/build/_deps/adaptivecpp-src/tests/sycl/profiler.cpp:15:1: error: There is an unknown macro here somewhere. Configuration is required. If BOOST_FIXTURE_TEST_SUITE is a macro then please configure it. [unknownMacro]
BOOST_FIXTURE_TEST_SUITE(profiler_tests, reset_device_fixture)
^
HPC-Compiler-Fuzzers/build/_deps/adaptivecpp-src/tests/sycl/queue.cpp:18:1: error: There is an unknown macro here somewhere. Configuration is required. If BOOST_FIXTURE_TEST_SUITE is a macro then please configure it. [unknownMacro]
BOOST_FIXTURE_TEST_SUITE(queue_tests, reset_device_fixture)
^
HPC-Compiler-Fuzzers/build/_deps/adaptivecpp-src/tests/sycl/reduction.cpp:20:1: error: There is an unknown macro here somewhere. Configuration is required. If BOOST_FIXTURE_TEST_SUITE is a macro then please configure it. [unknownMacro]
BOOST_FIXTURE_TEST_SUITE(reduction_tests, reset_device_fixture)
^
HPC-Compiler-Fuzzers/build/_deps/adaptivecpp-src/tests/sycl/reference_semantics.cpp:17:1: error: There is an unknown macro here somewhere. Configuration is required. If BOOST_FIXTURE_TEST_SUITE is a macro then please configure it. [unknownMacro]
BOOST_FIXTURE_TEST_SUITE(reference_semantics, reset_device_fixture)
^
HPC-Compiler-Fuzzers/build/_deps/adaptivecpp-src/tests/sycl/relational.cpp:123:37: error: Invalid sqrt() argument nr 1. The value is -1 but the valid values are '0.0:'. [invalidFunctionArg]
       0.0, 0.0/0.0, 1.0/0.0, sqrt(-1),
                                    ^
HPC-Compiler-Fuzzers/build/_deps/adaptivecpp-src/tests/sycl/smoke/task_graph.cpp:16:1: error: There is an unknown macro here somewhere. Configuration is required. If BOOST_FIXTURE_TEST_SUITE is a macro then please configure it. [unknownMacro]
BOOST_FIXTURE_TEST_SUITE(smoke_task_graph_tests, reset_device_fixture)
^
HPC-Compiler-Fuzzers/build/_deps/adaptivecpp-src/tests/sycl/sub_group.cpp:16:1: error: There is an unknown macro here somewhere. Configuration is required. If BOOST_FIXTURE_TEST_SUITE is a macro then please configure it. [unknownMacro]
BOOST_FIXTURE_TEST_SUITE(sub_group_tests, reset_device_fixture)
^
HPC-Compiler-Fuzzers/build/_deps/adaptivecpp-src/tests/sycl/usm.cpp:22:1: error: There is an unknown macro here somewhere. Configuration is required. If BOOST_FIXTURE_TEST_SUITE is a macro then please configure it. [unknownMacro]
BOOST_FIXTURE_TEST_SUITE(usm_tests, reset_device_fixture)
^
HPC-Compiler-Fuzzers/build/_deps/adaptivecpp-src/tests/sycl/vec.cpp:15:1: error: There is an unknown macro here somewhere. Configuration is required. If BOOST_FIXTURE_TEST_SUITE is a macro then please configure it. [unknownMacro]
BOOST_FIXTURE_TEST_SUITE(vec_tests, reset_device_fixture)
^
HPC-Compiler-Fuzzers/build/_deps/caliper-src/doc/sphinx/examples/snapshot-api.c:48:5: error: Found an exit path from function with non-void return type that has missing return statement [missingReturn]
    }
    ^
HPC-Compiler-Fuzzers/build/_deps/caliper-src/examples/apps/cali-memtracking-macros.cpp:0:0: information: Limiting analysis of branches. Use --check-level=exhaustive to analyze all branches. [normalCheckLevelMaxBranches]

^
HPC-Compiler-Fuzzers/build/_deps/caliper-src/examples/apps/cali-memtracking.cpp:0:0: information: Limiting analysis of branches. Use --check-level=exhaustive to analyze all branches. [normalCheckLevelMaxBranches]

^
HPC-Compiler-Fuzzers/build/_deps/caliper-src/ext/gotcha/src/gotcha.c:210:32: error: There is an unknown macro here somewhere. Configuration is required. If ElfW is a macro then please configure it. [unknownMacro]
                               ElfW(Addr) offset, struct link_map *lmap,
                               ^
HPC-Compiler-Fuzzers/build/_deps/caliper-src/ext/gotcha/src/gotcha_auxv.c:0:0: information: Limiting analysis of branches. Use --check-level=exhaustive to analyze all branches. [normalCheckLevelMaxBranches]

^
HPC-Compiler-Fuzzers/build/_deps/caliper-src/ext/gotcha/src/gotcha_auxv.c:184:6: warning: Possible null pointer dereference: word [nullPointer]
    *word = '\0';
     ^
HPC-Compiler-Fuzzers/build/_deps/caliper-src/ext/gotcha/src/gotcha_auxv.c:220:37: note: Calling function 'read_word', 2nd argument 'NULL' value is 0
    line_pos += read_word(line_pos, NULL, 0);
                                    ^
HPC-Compiler-Fuzzers/build/_deps/caliper-src/ext/gotcha/src/gotcha_auxv.c:184:6: note: Null pointer dereference
    *word = '\0';
     ^
HPC-Compiler-Fuzzers/build/_deps/caliper-src/ext/gotcha/src/gotcha_dl.c:0:0: information: Limiting analysis of branches. Use --check-level=exhaustive to analyze all branches. [normalCheckLevelMaxBranches]

^
HPC-Compiler-Fuzzers/build/_deps/caliper-src/ext/gotcha/src/gotcha_utils.c:85:3: warning: If memory allocation fails, then there is a possible null pointer dereference: newlib [nullPointerOutOfMemory]
  newlib->map = map;
  ^
HPC-Compiler-Fuzzers/build/_deps/caliper-src/ext/gotcha/src/gotcha_utils.c:84:36: note: Assuming allocation function fails
  library_t *newlib = gotcha_malloc(sizeof(library_t));
                                   ^
HPC-Compiler-Fuzzers/build/_deps/caliper-src/ext/gotcha/src/gotcha_utils.c:84:36: note: Assignment 'newlib=malloc(sizeof(struct library_t))', assigned value is 0
  library_t *newlib = gotcha_malloc(sizeof(library_t));
                                   ^
HPC-Compiler-Fuzzers/build/_deps/caliper-src/ext/gotcha/src/gotcha_utils.c:85:3: note: Null pointer dereference
  newlib->map = map;
  ^
HPC-Compiler-Fuzzers/build/_deps/caliper-src/ext/gotcha/src/gotcha_utils.c:86:3: warning: If memory allocation fails, then there is a possible null pointer dereference: newlib [nullPointerOutOfMemory]
  newlib->flags = 0;
  ^
HPC-Compiler-Fuzzers/build/_deps/caliper-src/ext/gotcha/src/gotcha_utils.c:84:36: note: Assuming allocation function fails
  library_t *newlib = gotcha_malloc(sizeof(library_t));
                                   ^
HPC-Compiler-Fuzzers/build/_deps/caliper-src/ext/gotcha/src/gotcha_utils.c:84:36: note: Assignment 'newlib=malloc(sizeof(struct library_t))', assigned value is 0
  library_t *newlib = gotcha_malloc(sizeof(library_t));
                                   ^
HPC-Compiler-Fuzzers/build/_deps/caliper-src/ext/gotcha/src/gotcha_utils.c:86:3: note: Null pointer dereference
  newlib->flags = 0;
  ^
HPC-Compiler-Fuzzers/build/_deps/caliper-src/ext/gotcha/src/gotcha_utils.c:87:3: warning: If memory allocation fails, then there is a possible null pointer dereference: newlib [nullPointerOutOfMemory]
  newlib->generation = 0;
  ^
HPC-Compiler-Fuzzers/build/_deps/caliper-src/ext/gotcha/src/gotcha_utils.c:84:36: note: Assuming allocation function fails
  library_t *newlib = gotcha_malloc(sizeof(library_t));
                                   ^
HPC-Compiler-Fuzzers/build/_deps/caliper-src/ext/gotcha/src/gotcha_utils.c:84:36: note: Assignment 'newlib=malloc(sizeof(struct library_t))', assigned value is 0
  library_t *newlib = gotcha_malloc(sizeof(library_t));
                                   ^
HPC-Compiler-Fuzzers/build/_deps/caliper-src/ext/gotcha/src/gotcha_utils.c:87:3: note: Null pointer dereference
  newlib->generation = 0;
  ^
HPC-Compiler-Fuzzers/build/_deps/caliper-src/ext/gotcha/src/gotcha_utils.c:88:3: warning: If memory allocation fails, then there is a possible null pointer dereference: newlib [nullPointerOutOfMemory]
  newlib->next = library_list;
  ^
HPC-Compiler-Fuzzers/build/_deps/caliper-src/ext/gotcha/src/gotcha_utils.c:84:36: note: Assuming allocation function fails
  library_t *newlib = gotcha_malloc(sizeof(library_t));
                                   ^
HPC-Compiler-Fuzzers/build/_deps/caliper-src/ext/gotcha/src/gotcha_utils.c:84:36: note: Assignment 'newlib=malloc(sizeof(struct library_t))', assigned value is 0
  library_t *newlib = gotcha_malloc(sizeof(library_t));
                                   ^
HPC-Compiler-Fuzzers/build/_deps/caliper-src/ext/gotcha/src/gotcha_utils.c:88:3: note: Null pointer dereference
  newlib->next = library_list;
  ^
HPC-Compiler-Fuzzers/build/_deps/caliper-src/ext/gotcha/src/gotcha_utils.c:89:3: warning: If memory allocation fails, then there is a possible null pointer dereference: newlib [nullPointerOutOfMemory]
  newlib->prev = NULL;
  ^
HPC-Compiler-Fuzzers/build/_deps/caliper-src/ext/gotcha/src/gotcha_utils.c:84:36: note: Assuming allocation function fails
  library_t *newlib = gotcha_malloc(sizeof(library_t));
                                   ^
HPC-Compiler-Fuzzers/build/_deps/caliper-src/ext/gotcha/src/gotcha_utils.c:84:36: note: Assignment 'newlib=malloc(sizeof(struct library_t))', assigned value is 0
  library_t *newlib = gotcha_malloc(sizeof(library_t));
                                   ^
HPC-Compiler-Fuzzers/build/_deps/caliper-src/ext/gotcha/src/gotcha_utils.c:89:3: note: Null pointer dereference
  newlib->prev = NULL;
  ^
HPC-Compiler-Fuzzers/build/_deps/caliper-src/ext/gotcha/src/hash.c:0:0: information: Limiting analysis of branches. Use --check-level=exhaustive to analyze all branches. [normalCheckLevelMaxBranches]

^
HPC-Compiler-Fuzzers/build/_deps/caliper-src/ext/gotcha/src/libc_wrappers.c:0:0: information: Limiting analysis of branches. Use --check-level=exhaustive to analyze all branches. [normalCheckLevelMaxBranches]

^
HPC-Compiler-Fuzzers/build/_deps/caliper-src/ext/gotcha/src/libc_wrappers.c:513:20: warning: Uninitialized variable: buffer [uninitvar]
  gotcha_write(fd, buffer, buffer_pos);
                   ^
HPC-Compiler-Fuzzers/build/_deps/caliper-src/ext/gotcha/src/libc_wrappers.c:400:10: note: Assuming condition is false
  while (*str) {
         ^
HPC-Compiler-Fuzzers/build/_deps/caliper-src/ext/gotcha/src/libc_wrappers.c:513:20: note: Uninitialized variable: buffer
  gotcha_write(fd, buffer, buffer_pos);
                   ^
HPC-Compiler-Fuzzers/build/_deps/caliper-src/ext/gotcha/src/tool.c:101:3: warning: If memory allocation fails, then there is a possible null pointer dereference: newbinding [nullPointerOutOfMemory]
  newbinding->tool = tool;
  ^
HPC-Compiler-Fuzzers/build/_deps/caliper-src/ext/gotcha/src/tool.c:100:42: note: Assuming allocation function fails
  newbinding = (binding_t *)gotcha_malloc(sizeof(binding_t));
                                         ^
HPC-Compiler-Fuzzers/build/_deps/caliper-src/ext/gotcha/src/tool.c:100:16: note: Assignment 'newbinding=(struct binding_t*)malloc(sizeof(struct binding_t))', assigned value is 0
  newbinding = (binding_t *)gotcha_malloc(sizeof(binding_t));
               ^
HPC-Compiler-Fuzzers/build/_deps/caliper-src/ext/gotcha/src/tool.c:101:3: note: Null pointer dereference
  newbinding->tool = tool;
  ^
HPC-Compiler-Fuzzers/build/_deps/caliper-src/ext/gotcha/src/tool.c:106:5: warning: If memory allocation fails, then there is a possible null pointer dereference: internal_bindings [nullPointerOutOfMemory]
    internal_bindings[i].next_binding = NULL;
    ^
HPC-Compiler-Fuzzers/build/_deps/caliper-src/ext/gotcha/src/tool.c:103:49: note: Assuming allocation function fails
      (struct internal_binding_t *)gotcha_malloc(
                                                ^
HPC-Compiler-Fuzzers/build/_deps/caliper-src/ext/gotcha/src/tool.c:103:7: note: Assignment 'internal_bindings=(struct internal_binding_t*)malloc(sizeof(struct internal_binding_t)*user_binding_size)', assigned value is 0
      (struct internal_binding_t *)gotcha_malloc(
      ^
HPC-Compiler-Fuzzers/build/_deps/caliper-src/ext/gotcha/src/tool.c:106:5: note: Null pointer dereference
    internal_bindings[i].next_binding = NULL;
    ^
HPC-Compiler-Fuzzers/build/_deps/caliper-src/ext/gotcha/src/tool.c:107:5: warning: If memory allocation fails, then there is a possible null pointer dereference: internal_bindings [nullPointerOutOfMemory]
    internal_bindings[i].user_binding = &user_binding[i];
    ^
HPC-Compiler-Fuzzers/build/_deps/caliper-src/ext/gotcha/src/tool.c:103:49: note: Assuming allocation function fails
      (struct internal_binding_t *)gotcha_malloc(
                                                ^
HPC-Compiler-Fuzzers/build/_deps/caliper-src/ext/gotcha/src/tool.c:103:7: note: Assignment 'internal_bindings=(struct internal_binding_t*)malloc(sizeof(struct internal_binding_t)*user_binding_size)', assigned value is 0
      (struct internal_binding_t *)gotcha_malloc(
      ^
HPC-Compiler-Fuzzers/build/_deps/caliper-src/ext/gotcha/src/tool.c:107:5: note: Null pointer dereference
    internal_bindings[i].user_binding = &user_binding[i];
    ^
HPC-Compiler-Fuzzers/build/_deps/caliper-src/ext/gotcha/src/tool.c:109:5: warning: If memory allocation fails, then there is a possible null pointer dereference: internal_bindings [nullPointerOutOfMemory]
    internal_bindings[i].associated_binding_table = newbinding;
    ^
HPC-Compiler-Fuzzers/build/_deps/caliper-src/ext/gotcha/src/tool.c:103:49: note: Assuming allocation function fails
      (struct internal_binding_t *)gotcha_malloc(
                                                ^
HPC-Compiler-Fuzzers/build/_deps/caliper-src/ext/gotcha/src/tool.c:103:7: note: Assignment 'internal_bindings=(struct internal_binding_t*)malloc(sizeof(struct internal_binding_t)*user_binding_size)', assigned value is 0
      (struct internal_binding_t *)gotcha_malloc(
      ^
HPC-Compiler-Fuzzers/build/_deps/caliper-src/ext/gotcha/src/tool.c:109:5: note: Null pointer dereference
    internal_bindings[i].associated_binding_table = newbinding;
    ^
HPC-Compiler-Fuzzers/build/_deps/caliper-src/ext/gotcha/src/tool.c:111:3: warning: If memory allocation fails, then there is a possible null pointer dereference: newbinding [nullPointerOutOfMemory]
  newbinding->internal_bindings = internal_bindings;
  ^
HPC-Compiler-Fuzzers/build/_deps/caliper-src/ext/gotcha/src/tool.c:100:42: note: Assuming allocation function fails
  newbinding = (binding_t *)gotcha_malloc(sizeof(binding_t));
                                         ^
HPC-Compiler-Fuzzers/build/_deps/caliper-src/ext/gotcha/src/tool.c:100:16: note: Assignment 'newbinding=(struct binding_t*)malloc(sizeof(struct binding_t))', assigned value is 0
  newbinding = (binding_t *)gotcha_malloc(sizeof(binding_t));
               ^
HPC-Compiler-Fuzzers/build/_deps/caliper-src/ext/gotcha/src/tool.c:111:3: note: Null pointer dereference
  newbinding->internal_bindings = internal_bindings;
  ^
HPC-Compiler-Fuzzers/build/_deps/caliper-src/ext/gotcha/src/tool.c:112:3: warning: If memory allocation fails, then there is a possible null pointer dereference: newbinding [nullPointerOutOfMemory]
  newbinding->internal_bindings_size = user_binding_size;
  ^
HPC-Compiler-Fuzzers/build/_deps/caliper-src/ext/gotcha/src/tool.c:100:42: note: Assuming allocation function fails
  newbinding = (binding_t *)gotcha_malloc(sizeof(binding_t));
                                         ^
HPC-Compiler-Fuzzers/build/_deps/caliper-src/ext/gotcha/src/tool.c:100:16: note: Assignment 'newbinding=(struct binding_t*)malloc(sizeof(struct binding_t))', assigned value is 0
  newbinding = (binding_t *)gotcha_malloc(sizeof(binding_t));
               ^
HPC-Compiler-Fuzzers/build/_deps/caliper-src/ext/gotcha/src/tool.c:112:3: note: Null pointer dereference
  newbinding->internal_bindings_size = user_binding_size;
  ^
HPC-Compiler-Fuzzers/build/_deps/caliper-src/src/caliper/ConfigManager.cpp:0:0: information: Limiting analysis of branches. Use --check-level=exhaustive to analyze all branches. [normalCheckLevelMaxBranches]

^
HPC-Compiler-Fuzzers/build/_deps/caliper-src/src/caliper/ConfigManager.cpp:91:44: performance: Function 'get_config_specs()' should return member 'm_configs' by const reference. [returnByReference]
    std::vector<ConfigManager::ConfigInfo> get_config_specs() const { return m_configs; }
                                           ^
HPC-Compiler-Fuzzers/build/_deps/caliper-src/src/caliper/ConfigManager.cpp:528:17: performance: Function 'error_msg()' should return member 'm_error_msg' by const reference. [returnByReference]
    std::string error_msg() const { return m_error_msg; }
                ^
HPC-Compiler-Fuzzers/build/_deps/caliper-src/src/caliper/ConfigManager.cpp:153:106: performance: Function parameter 'v' should be passed by const reference. [passedByValue]
std::string find_or(const std::map<std::string, std::string>& m, const std::string& k, const std::string v = "")
                                                                                                         ^
HPC-Compiler-Fuzzers/build/_deps/caliper-src/src/caliper/MpiChannelManager.cpp:0:0: information: Limiting analysis of branches. Use --check-level=exhaustive to analyze all branches. [normalCheckLevelMaxBranches]

^
HPC-Compiler-Fuzzers/build/_deps/caliper-src/src/caliper/RegionFilter.cpp:29:17: performance: Function 'error_msg()' should return member 'm_error_msg' by const reference. [returnByReference]
    std::string error_msg() const { return m_error_msg; }
                ^
HPC-Compiler-Fuzzers/build/_deps/caliper-src/src/caliper/controllers/HatchetSampleProfileController.cpp:0:0: information: Limiting analysis of branches. Use --check-level=exhaustive to analyze all branches. [normalCheckLevelMaxBranches]

^
HPC-Compiler-Fuzzers/build/_deps/caliper-src/src/caliper/controllers/OpenMPReportController.cpp:0:0: information: Limiting analysis of branches. Use --check-level=exhaustive to analyze all branches. [normalCheckLevelMaxBranches]

^
HPC-Compiler-Fuzzers/build/_deps/caliper-src/src/caliper/controllers/SpotController.cpp:0:0: information: Limiting analysis of branches. Use --check-level=exhaustive to analyze all branches. [normalCheckLevelMaxBranches]

^
HPC-Compiler-Fuzzers/build/_deps/caliper-src/src/caliper/controllers/SpotController.cpp:310:18: performance: Passing the result of c_str() to a function that takes std::string as argument no. 3 is slow and redundant. [stlcstrParam]
            tsc->timeseries_local_aggregation(c, m_db, name.c_str(), std::max(blocksize, 1), cross_agg);
                 ^
HPC-Compiler-Fuzzers/build/_deps/caliper-src/src/caliper/test/test_configmanager.cpp:141:67: performance: Function parameter 'list' should be passed by const reference. [passedByValue]
    bool enabled_opts_list_matches(const std::vector<std::string> list)
                                                                  ^
HPC-Compiler-Fuzzers/build/_deps/caliper-src/src/common/SnapshotTextFormatter.cpp:0:0: information: Limiting analysis of branches. Use --check-level=exhaustive to analyze all branches. [normalCheckLevelMaxBranches]

^
HPC-Compiler-Fuzzers/build/_deps/caliper-src/src/reader/Aggregator.cpp:0:0: information: Limiting analysis of branches. Use --check-level=exhaustive to analyze all branches. [normalCheckLevelMaxBranches]

^
HPC-Compiler-Fuzzers/build/_deps/caliper-src/src/reader/CalQLParser.cpp:0:0: information: Limiting analysis of branches. Use --check-level=exhaustive to analyze all branches. [normalCheckLevelMaxBranches]

^
HPC-Compiler-Fuzzers/build/_deps/caliper-src/src/reader/CalQLParser.cpp:628:45: performance: Function parameter 'w' should be passed by const reference. [passedByValue]
    void parse_clause_from_word(std::string w, std::istream& is)
                                            ^
HPC-Compiler-Fuzzers/build/_deps/caliper-src/src/reader/CaliperMetadataDB.cpp:0:0: information: Limiting analysis of branches. Use --check-level=exhaustive to analyze all branches. [normalCheckLevelMaxBranches]

^
HPC-Compiler-Fuzzers/build/_deps/caliper-src/src/reader/FlatInclusiveRegionProfile.cpp:0:0: information: Limiting analysis of branches. Use --check-level=exhaustive to analyze all branches. [normalCheckLevelMaxBranches]

^
HPC-Compiler-Fuzzers/build/_deps/caliper-src/src/reader/SnapshotTree.cpp:0:0: information: Limiting analysis of branches. Use --check-level=exhaustive to analyze all branches. [normalCheckLevelMaxBranches]

^
HPC-Compiler-Fuzzers/build/_deps/caliper-src/src/reader/TableFormatter.cpp:0:0: information: Limiting analysis of branches. Use --check-level=exhaustive to analyze all branches. [normalCheckLevelMaxBranches]

^
HPC-Compiler-Fuzzers/build/_deps/caliper-src/src/reader/TableFormatter.cpp:40:40: performance: Function parameter 'alias' should be passed by const reference. [passedByValue]
            const std::string          alias,
                                       ^
HPC-Compiler-Fuzzers/build/_deps/caliper-src/src/reader/TableFormatter.cpp:324:19: performance: Range variable 'row' should be declared as const reference. [iterateByValue]
        for (auto row : m_rows) {
                  ^
HPC-Compiler-Fuzzers/build/_deps/caliper-src/src/reader/TreeFormatter.cpp:0:0: information: Limiting analysis of branches. Use --check-level=exhaustive to analyze all branches. [normalCheckLevelMaxBranches]

^
HPC-Compiler-Fuzzers/build/_deps/caliper-src/src/reader/UserFormatter.cpp:0:0: information: Limiting analysis of branches. Use --check-level=exhaustive to analyze all branches. [normalCheckLevelMaxBranches]

^
HPC-Compiler-Fuzzers/build/_deps/caliper-src/src/reader/test/test_filter.cpp:0:0: information: Limiting analysis of branches. Use --check-level=exhaustive to analyze all branches. [normalCheckLevelMaxBranches]

^
HPC-Compiler-Fuzzers/build/_deps/caliper-src/src/services/LoopStatistics.cpp:73:9: performance: Variable 'm_iter_duration_attr' is assigned in constructor body. Consider performing initialization in initialization list. [useInitializationList]
        m_iter_duration_attr = c->create_attribute(
        ^
HPC-Compiler-Fuzzers/build/_deps/caliper-src/src/services/Services.cpp:0:0: information: Limiting analysis of branches. Use --check-level=exhaustive to analyze all branches. [normalCheckLevelMaxBranches]

^
HPC-Compiler-Fuzzers/build/_deps/caliper-src/src/services/aggregate/AggregationDB.cpp:0:0: information: Limiting analysis of branches. Use --check-level=exhaustive to analyze all branches. [normalCheckLevelMaxBranches]

^
HPC-Compiler-Fuzzers/build/_deps/caliper-src/src/services/alloc/AllocService.cpp:0:0: information: Limiting analysis of branches. Use --check-level=exhaustive to analyze all branches. [normalCheckLevelMaxBranches]

^
HPC-Compiler-Fuzzers/build/_deps/caliper-src/src/services/callpath/Callpath.cpp:0:0: information: Limiting analysis of branches. Use --check-level=exhaustive to analyze all branches. [normalCheckLevelMaxBranches]

^
HPC-Compiler-Fuzzers/build/_deps/caliper-src/src/services/cupti/CuptiEventSampling.cpp:0:0: information: Limiting analysis of branches. Use --check-level=exhaustive to analyze all branches. [normalCheckLevelMaxBranches]

^
HPC-Compiler-Fuzzers/build/_deps/caliper-src/src/services/event/EventTrigger.cpp:279:9: performance: Variable 'region_count_attr' is assigned in constructor body. Consider performing initialization in initialization list. [useInitializationList]
        region_count_attr = c->create_attribute(
        ^
HPC-Compiler-Fuzzers/build/_deps/caliper-src/src/services/event/EventTrigger.cpp:102:31: performance: Range variable 'setup' should be declared as const reference. [iterateByValue]
        for (evt_attr_setup_t setup : evt_attr_setup) {
                              ^
HPC-Compiler-Fuzzers/build/_deps/caliper-src/src/services/io/CurIOus/src/mount_tree.c:88:21: warning: If memory allocation fails, then there is a possible null pointer dereference: full_path [nullPointerOutOfMemory]
    if (0 == strcmp(full_path, ROOT_PATH)) {
                    ^
HPC-Compiler-Fuzzers/build/_deps/caliper-src/src/services/io/CurIOus/src/mount_tree.c:160:27: note: Assuming allocation function fails
        path_copy = strdup(path);
                          ^
HPC-Compiler-Fuzzers/build/_deps/caliper-src/src/services/io/CurIOus/src/mount_tree.c:160:27: note: Assignment 'path_copy=strdup(path)', assigned value is 0
        path_copy = strdup(path);
                          ^
HPC-Compiler-Fuzzers/build/_deps/caliper-src/src/services/io/CurIOus/src/mount_tree.c:177:37: note: Calling function 'get_mount', 1st argument 'path_copy' value is 0
    mount_tree_t* mount = get_mount(path_copy, NULL);
                                    ^
HPC-Compiler-Fuzzers/build/_deps/caliper-src/src/services/io/CurIOus/src/mount_tree.c:88:21: note: Null pointer dereference
    if (0 == strcmp(full_path, ROOT_PATH)) {
                    ^
HPC-Compiler-Fuzzers/build/_deps/caliper-src/src/services/io/CurIOus/src/wrappers.c:910:9: error: va_list 'args' was opened but not closed by va_end(). [va_end_missing]
        WRAPPER_RETURN(return_val, printf);
        ^
HPC-Compiler-Fuzzers/build/_deps/caliper-src/src/services/io/CurIOus/src/wrappers.c:961:9: error: va_list 'args' was opened but not closed by va_end(). [va_end_missing]
        WRAPPER_RETURN(return_val, fprintf);
        ^
HPC-Compiler-Fuzzers/build/_deps/caliper-src/src/services/kokkos/KokkosLookup.cpp:258:58: performance: Function parameter 'handle' should be passed by const reference. [passedByValue]
    void kokkos_allocate(const cali::kokkos::SpaceHandle handle, const char* name, const void* const ptr, size_t size)
                                                         ^
HPC-Compiler-Fuzzers/build/_deps/caliper-src/src/services/kokkos/KokkosLookup.cpp:327:97: performance: Function parameter 'handle' should be passed by const reference. [passedByValue]
                                                                const cali::kokkos::SpaceHandle handle,
                                                                                                ^
HPC-Compiler-Fuzzers/build/_deps/caliper-src/src/services/ldms/LdmsForwarder.cpp:0:0: information: Limiting analysis of branches. Use --check-level=exhaustive to analyze all branches. [normalCheckLevelMaxBranches]

^
HPC-Compiler-Fuzzers/build/_deps/caliper-src/src/services/libpfm/Libpfm.cpp:0:0: information: Limiting analysis of branches. Use --check-level=exhaustive to analyze all branches. [normalCheckLevelMaxBranches]

^
HPC-Compiler-Fuzzers/build/_deps/caliper-src/src/services/libpfm/Libpfm.cpp:685:9: performance: Variable 'libpfm_event_name_attr' is assigned in constructor body. Consider performing initialization in initialization list. [useInitializationList]
        libpfm_event_name_attr = c->create_attribute(
        ^
HPC-Compiler-Fuzzers/build/_deps/caliper-src/src/services/libpfm/Libpfm.cpp:402:23: performance: Range variable 'sample_attribute_str' should be declared as const reference. [iterateByValue]
            for (auto sample_attribute_str : sample_attributes_strvec) {
                      ^
HPC-Compiler-Fuzzers/build/_deps/caliper-src/src/services/libpfm/perf_util.c:0:0: information: Limiting analysis of branches. Use --check-level=exhaustive to analyze all branches. [normalCheckLevelMaxBranches]

^
HPC-Compiler-Fuzzers/build/_deps/caliper-src/src/services/memusage/MemStatService.cpp:75:9: performance: Variable 'm_vmsize_attr' is assigned in constructor body. Consider performing initialization in initialization list. [useInitializationList]
        m_vmsize_attr = c->create_attribute(
        ^
HPC-Compiler-Fuzzers/build/_deps/caliper-src/src/services/monitor/RegionMonitor.cpp:0:0: information: Limiting analysis of branches. Use --check-level=exhaustive to analyze all branches. [normalCheckLevelMaxBranches]

^
HPC-Compiler-Fuzzers/build/_deps/caliper-src/src/services/monitor/ThreadMonitor.cpp:118:9: performance: Variable 'monitor_attr' is assigned in constructor body. Consider performing initialization in initialization list. [useInitializationList]
        monitor_attr = c->create_attribute(
        ^
HPC-Compiler-Fuzzers/build/_deps/caliper-src/src/services/monitor/Timeseries.cpp:90:9: performance: Variable 'm_timestamp_attr' is assigned in constructor body. Consider performing initialization in initialization list. [useInitializationList]
        m_timestamp_attr =
        ^
HPC-Compiler-Fuzzers/build/_deps/caliper-src/src/services/mpit/MpitServiceMPI.cpp:0:0: information: Limiting analysis of branches. Use --check-level=exhaustive to analyze all branches. [normalCheckLevelMaxBranches]

^
HPC-Compiler-Fuzzers/build/_deps/caliper-src/src/services/mpiwrap/MpiPattern.cpp:190:25: error: Uninitialized variable: info.size [uninitvar]
        req_map[*req] = info;
                        ^
HPC-Compiler-Fuzzers/build/_deps/caliper-src/src/services/mpiwrap/MpiPattern.cpp:190:25: error: Uninitialized struct member: info.size [uninitStructMember]
        req_map[*req] = info;
                        ^
HPC-Compiler-Fuzzers/build/_deps/caliper-src/src/services/mpiwrap/MpiTracing.cpp:263:25: error: Uninitialized variable: info.size [uninitvar]
        req_map[*req] = info;
                        ^
HPC-Compiler-Fuzzers/build/_deps/caliper-src/src/services/mpiwrap/MpiTracing.cpp:263:25: error: Uninitialized struct member: info.size [uninitStructMember]
        req_map[*req] = info;
                        ^
HPC-Compiler-Fuzzers/build/_deps/caliper-src/src/services/papi/Papi.cpp:379:9: performance: Variable 'm_thread_attr' is assigned in constructor body. Consider performing initialization in initialization list. [useInitializationList]
        m_thread_attr = c->create_attribute(
        ^
HPC-Compiler-Fuzzers/build/_deps/caliper-src/src/services/pcp/PcpMemory.cpp:129:9: performance: Variable 'rd_result_attr' is assigned in constructor body. Consider performing initialization in initialization list. [useInitializationList]
        rd_result_attr = c->create_attribute(
        ^
HPC-Compiler-Fuzzers/build/_deps/caliper-src/src/services/sampler/Sampler.cpp:81:41: error: syntax error [syntaxError]
    uint64_t pc = static_cast<uint64_t>(CALI_SAMPLER_GET_PC(context));
                                        ^
HPC-Compiler-Fuzzers/build/_deps/caliper-src/src/services/symbollookup/SymbolLookup.cpp:0:0: information: Limiting analysis of branches. Use --check-level=exhaustive to analyze all branches. [normalCheckLevelMaxBranches]

^
HPC-Compiler-Fuzzers/build/_deps/caliper-src/src/services/timer/Timer.cpp:0:0: information: Limiting analysis of branches. Use --check-level=exhaustive to analyze all branches. [normalCheckLevelMaxBranches]

^
HPC-Compiler-Fuzzers/build/_deps/caliper-src/src/services/validator/validator.cpp:270:9: performance: Variable 'thread_stack_attr' is assigned in constructor body. Consider performing initialization in initialization list. [useInitializationList]
        thread_stack_attr = c->create_attribute(
        ^
HPC-Compiler-Fuzzers/build/_deps/caliper-src/src/tools/cali-query/cali-query.cpp:0:0: information: Limiting analysis of branches. Use --check-level=exhaustive to analyze all branches. [normalCheckLevelMaxBranches]

^
HPC-Compiler-Fuzzers/build/_deps/caliper-src/src/tools/cali-query/query_common.h:42:17: performance: Function 'error_msg()' should return member 'm_error_msg' by const reference. [returnByReference]
    std::string error_msg() const { return m_error_msg; }
                ^
HPC-Compiler-Fuzzers/build/_deps/caliper-src/src/tools/cali-query/query_common.cpp:0:0: information: Limiting analysis of branches. Use --check-level=exhaustive to analyze all branches. [normalCheckLevelMaxBranches]

^
HPC-Compiler-Fuzzers/build/_deps/caliper-src/src/tools/cali-stat/cali-stat.cpp:0:0: information: Limiting analysis of branches. Use --check-level=exhaustive to analyze all branches. [normalCheckLevelMaxBranches]

^
HPC-Compiler-Fuzzers/build/_deps/caliper-src/src/tools/mpi-caliquery/mpi-caliquery.cpp:159:28: performance: Range variable 'entry' should be declared as const reference. [iterateByValue]
    for (const std::string entry : config_list) {
                           ^
HPC-Compiler-Fuzzers/build/_deps/caliper-src/src/tools/util/Args.cpp:0:0: information: Limiting analysis of branches. Use --check-level=exhaustive to analyze all branches. [normalCheckLevelMaxBranches]

^
HPC-Compiler-Fuzzers/build/_deps/caliper-src/src/tools/util/Args.h:58:17: performance: Function 'program_name()' should return member 'm_programname' by const reference. [returnByReference]
    std::string program_name() const;
                ^
HPC-Compiler-Fuzzers/build/_deps/caliper-src/src/tools/util/Args.cpp:164:20: performance: Function 'arguments()' should return member 'm_arguments' by const reference. [returnByReference]
    vector<string> arguments() const { return m_arguments; }
                   ^
HPC-Compiler-Fuzzers/build/_deps/caliper-src/src/tools/util/Args.cpp:71:46: performance: Inefficient usage of string::find() in condition; string::starts_with() could be faster. [stlIfStrFind]
            if (!m_longopt_prefix.empty() && arg.find(m_longopt_prefix) == 0) {
                                             ^
HPC-Compiler-Fuzzers/build/_deps/caliper-src/src/tools/util/Args.cpp:95:47: performance: Inefficient usage of string::find() in condition; string::starts_with() could be faster. [stlIfStrFind]
            if (!m_shortopt_prefix.empty() && arg.find(m_shortopt_prefix) == 0) {
                                              ^
HPC-Compiler-Fuzzers/build/_deps/caliper-src/test/cali-annotation-perftest.cpp:0:0: information: Limiting analysis of branches. Use --check-level=exhaustive to analyze all branches. [normalCheckLevelMaxBranches]

^
HPC-Compiler-Fuzzers/build/_deps/caliper-src/test/cali-flush-perftest.cpp:0:0: information: Limiting analysis of branches. Use --check-level=exhaustive to analyze all branches. [normalCheckLevelMaxBranches]

^
HPC-Compiler-Fuzzers/build/_deps/caliper-src/test/cali-wrap.cpp:25:9: warning: If memory allocation fails, then there is a possible null pointer dereference: array [nullPointerOutOfMemory]
        array[i] = initial_value;
        ^
HPC-Compiler-Fuzzers/build/_deps/caliper-src/test/cali-wrap.cpp:23:27: note: Assuming allocation function fails
    T* array = (T*) malloc(sizeof(T) * data_size);
                          ^
HPC-Compiler-Fuzzers/build/_deps/caliper-src/test/cali-wrap.cpp:23:16: note: Assignment 'array=(T*)malloc(sizeof(T)*data_size)', assigned value is 0
    T* array = (T*) malloc(sizeof(T) * data_size);
               ^
HPC-Compiler-Fuzzers/build/_deps/caliper-src/test/cali-wrap.cpp:25:9: note: Null pointer dereference
        array[i] = initial_value;
        ^
HPC-Compiler-Fuzzers/build/_deps/caliper-src/test/ci_app_tests/ci_test_alloc_hooks.c:82:5: error: Common realloc mistake: 'R' nulled but not freed upon failure [memleakOnRealloc]
    R      = (int*) realloc(R, sizeof(int) * 42);
    ^
HPC-Compiler-Fuzzers/build/_deps/caliper-src/test/ci_app_tests/ci_test_alloc_hooks.c:21:38: error: If memory allocation fails: overflow in pointer arithmetic, NULL pointer is subtracted. [nullPointerArithmeticOutOfMemory]
    int*           ptr_outside = ptr - 1;
                                     ^
HPC-Compiler-Fuzzers/build/_deps/caliper-src/test/ci_app_tests/ci_test_alloc_hooks.c:79:27: note: Assuming allocation function fails
    int* A = (int*) malloc(sizeof(int) * 42);
                          ^
HPC-Compiler-Fuzzers/build/_deps/caliper-src/test/ci_app_tests/ci_test_alloc_hooks.c:79:14: note: Assignment 'A=(int*)malloc(sizeof(int)*42)', assigned value is 0
    int* A = (int*) malloc(sizeof(int) * 42);
             ^
HPC-Compiler-Fuzzers/build/_deps/caliper-src/test/ci_app_tests/ci_test_alloc_hooks.c:85:21: note: Calling function 'test_allocation', 1st argument 'A' value is 0
    test_allocation(A, sizeof(int) * 42);
                    ^
HPC-Compiler-Fuzzers/build/_deps/caliper-src/test/ci_app_tests/ci_test_alloc_hooks.c:21:38: note: Null pointer subtraction
    int*           ptr_outside = ptr - 1;
                                     ^
HPC-Compiler-Fuzzers/build/_deps/caliper-src/test/ci_app_tests/ci_test_alloc_hooks.c:29:23: error: If memory allocation fails: pointer addition with NULL pointer. [nullPointerArithmeticOutOfMemory]
    ptr_inside  = ptr + size - 1;
                      ^
HPC-Compiler-Fuzzers/build/_deps/caliper-src/test/ci_app_tests/ci_test_alloc_hooks.c:79:27: note: Assuming allocation function fails
    int* A = (int*) malloc(sizeof(int) * 42);
                          ^
HPC-Compiler-Fuzzers/build/_deps/caliper-src/test/ci_app_tests/ci_test_alloc_hooks.c:79:14: note: Assignment 'A=(int*)malloc(sizeof(int)*42)', assigned value is 0
    int* A = (int*) malloc(sizeof(int) * 42);
             ^
HPC-Compiler-Fuzzers/build/_deps/caliper-src/test/ci_app_tests/ci_test_alloc_hooks.c:85:21: note: Calling function 'test_allocation', 1st argument 'A' value is 0
    test_allocation(A, sizeof(int) * 42);
                    ^
HPC-Compiler-Fuzzers/build/_deps/caliper-src/test/ci_app_tests/ci_test_alloc_hooks.c:29:23: note: Null pointer addition
    ptr_inside  = ptr + size - 1;
                      ^
HPC-Compiler-Fuzzers/build/_deps/caliper-src/test/ci_app_tests/ci_test_alloc_hooks.c:30:23: error: If memory allocation fails: pointer addition with NULL pointer. [nullPointerArithmeticOutOfMemory]
    ptr_outside = ptr + size;
                      ^
HPC-Compiler-Fuzzers/build/_deps/caliper-src/test/ci_app_tests/ci_test_alloc_hooks.c:79:27: note: Assuming allocation function fails
    int* A = (int*) malloc(sizeof(int) * 42);
                          ^
HPC-Compiler-Fuzzers/build/_deps/caliper-src/test/ci_app_tests/ci_test_alloc_hooks.c:79:14: note: Assignment 'A=(int*)malloc(sizeof(int)*42)', assigned value is 0
    int* A = (int*) malloc(sizeof(int) * 42);
             ^
HPC-Compiler-Fuzzers/build/_deps/caliper-src/test/ci_app_tests/ci_test_alloc_hooks.c:85:21: note: Calling function 'test_allocation', 1st argument 'A' value is 0
    test_allocation(A, sizeof(int) * 42);
                    ^
HPC-Compiler-Fuzzers/build/_deps/caliper-src/test/ci_app_tests/ci_test_alloc_hooks.c:30:23: note: Null pointer addition
    ptr_outside = ptr + size;
                      ^
HPC-Compiler-Fuzzers/misc/TemplateDemo.cpp:5:14: performance: Function parameter 'val' should be passed by const reference. [passedByValue]
void Print(T val)
             ^
HPC-Compiler-Fuzzers/ArgobotsFuzzers/fuzz_stream/target_a/fuzzer.cpp:6:9: error: The one definition rule is violated, different classes/structs have the same name 'ABTI_xstream' [ctuOneDefinitionRuleViolation]
typedef struct {
        ^
HPC-Compiler-Fuzzers/ArgobotsFuzzers/fuzz_stream/target_b/fuzzer.cpp:9:9: note: The one definition rule is violated, different classes/structs have the same name 'ABTI_xstream'
typedef struct ABTI_xstream {
        ^
HPC-Compiler-Fuzzers/ArgobotsFuzzers/fuzz_stream/target_a/fuzzer.cpp:6:9: note: The one definition rule is violated, different classes/structs have the same name 'ABTI_xstream'
typedef struct {
        ^
HPC-Compiler-Fuzzers/ArgobotsFuzzers/fuzz_stream/target_a/fuzzer.cpp:6:9: error: The one definition rule is violated, different classes/structs have the same name 'ABTI_xstream' [ctuOneDefinitionRuleViolation]
typedef struct {
        ^
HPC-Compiler-Fuzzers/ArgobotsFuzzers/fuzz_stream/target_c/fuzzer.cpp:9:9: note: The one definition rule is violated, different classes/structs have the same name 'ABTI_xstream'
typedef struct ABTI_xstream {
        ^
HPC-Compiler-Fuzzers/ArgobotsFuzzers/fuzz_stream/target_a/fuzzer.cpp:6:9: note: The one definition rule is violated, different classes/structs have the same name 'ABTI_xstream'
typedef struct {
        ^
HPC-Compiler-Fuzzers/build/_deps/adaptivecpp-src/tests/compiler/reflection/introspect_struct.cpp:25:1: error: The one definition rule is violated, different classes/structs have the same name 'S' [ctuOneDefinitionRuleViolation]
struct S {
^
HPC-Compiler-Fuzzers/build/_deps/adaptivecpp-src/tests/compiler/sscp/circular_global.cpp:14:1: note: The one definition rule is violated, different classes/structs have the same name 'S'
struct S {
^
HPC-Compiler-Fuzzers/build/_deps/adaptivecpp-src/tests/compiler/reflection/introspect_struct.cpp:25:1: note: The one definition rule is violated, different classes/structs have the same name 'S'
struct S {
^
HPC-Compiler-Fuzzers/build/_deps/adaptivecpp-src/tests/compiler/reflection/introspect_struct.cpp:25:1: error: The one definition rule is violated, different classes/structs have the same name 'S' [ctuOneDefinitionRuleViolation]
struct S {
^
HPC-Compiler-Fuzzers/build/_deps/adaptivecpp-src/tests/sycl/multi_ptr.cpp:121:1: note: The one definition rule is violated, different classes/structs have the same name 'S'
struct S {
^
HPC-Compiler-Fuzzers/build/_deps/adaptivecpp-src/tests/compiler/reflection/introspect_struct.cpp:25:1: note: The one definition rule is violated, different classes/structs have the same name 'S'
struct S {
^
HPC-Compiler-Fuzzers/build/_deps/caliper-src/test/cali-annotation-perftest.cpp:50:1: error: The one definition rule is violated, different classes/structs have the same name 'Config' [ctuOneDefinitionRuleViolation]
struct Config {
^
HPC-Compiler-Fuzzers/build/_deps/caliper-src/test/cali-flush-perftest.cpp:30:1: note: The one definition rule is violated, different classes/structs have the same name 'Config'
struct Config {
^
HPC-Compiler-Fuzzers/build/_deps/caliper-src/test/cali-annotation-perftest.cpp:50:1: note: The one definition rule is violated, different classes/structs have the same name 'Config'
struct Config {
^
nofile:0:0: information: Too many #ifdef configurations - cppcheck only checks 12 configurations. Use --force to check all configurations. For more details, use --enable=information. [toomanyconfigs]
